2024-12-26 17:45:22.531 [info] [main] Log level: Info
2024-12-26 17:45:22.531 [info] [main] Validating found git in: "C:\Program Files\Git\cmd\git.exe"
2024-12-26 17:45:22.573 [info] [main] Using git "2.45.0.windows.1" from "C:\Program Files\Git\cmd\git.exe"
2024-12-26 17:45:22.573 [info] [Model][doInitialScan] Initial repository scan started
2024-12-26 17:45:22.630 [info] > git rev-parse --show-toplevel [46ms]
2024-12-26 17:45:23.734 [info] > git rev-parse --git-dir --git-common-dir [1098ms]
2024-12-26 17:45:23.741 [info] [Model][openRepository] Opened repository: c:\Users\Pedro Cipriano\Desktop\GitHub
2024-12-26 17:45:24.111 [info] > git rev-parse --show-toplevel [40ms]
2024-12-26 17:45:24.117 [info] > git config --get commit.template [48ms]
2024-12-26 17:45:24.205 [info] > git for-each-ref --format=%(refname)%00%(upstream:short)%00%(objectname)%00%(upstream:track)%00%(upstream:remotename)%00%(upstream:remoteref) --ignore-case refs/heads/main refs/remotes/main [84ms]
2024-12-26 17:45:24.206 [info] > git rev-parse --show-toplevel [91ms]
2024-12-26 17:45:24.226 [info] > git log --format=%H%n%aN%n%aE%n%at%n%ct%n%P%n%D%n%B -z -n234 --follow -- c:\Users\Pedro Cipriano\Desktop\GitHub\log\log_branches [96ms]
2024-12-26 17:45:24.287 [info] > git for-each-ref --sort -committerdate --format %(refname) %(objectname) %(*objectname) [67ms]
2024-12-26 17:45:24.288 [info] > git rev-parse --show-toplevel [76ms]
2024-12-26 17:45:24.301 [info] > git check-ignore -v -z --stdin [39ms]
2024-12-26 17:45:24.305 [info] > git status -z -uall [88ms]
2024-12-26 17:45:24.321 [info] > git rev-list --count 4647b7d7a1446d7446e9ae83233b1b7c05ee80b0.. -- c:\Users\Pedro Cipriano\Desktop\GitHub\log\log_branches [40ms]
2024-12-26 17:45:24.332 [info] > git rev-parse --git-dir --git-common-dir [41ms]
2024-12-26 17:45:24.337 [info] [Model][openRepository] Opened repository: c:\Users\Pedro Cipriano\Desktop\GitHub\git_rep_v1.1
2024-12-26 17:45:24.360 [info] > git for-each-ref --format=%(refname)%00%(upstream:short)%00%(objectname)%00%(upstream:track)%00%(upstream:remotename)%00%(upstream:remoteref) --ignore-case refs/heads/main refs/remotes/main [49ms]
2024-12-26 17:45:24.366 [info] > git config --get commit.template [49ms]
2024-12-26 17:45:24.375 [info] > git for-each-ref --format=%(refname)%00%(upstream:short)%00%(objectname)%00%(upstream:track)%00%(upstream:remotename)%00%(upstream:remoteref) --ignore-case refs/heads/main refs/remotes/main [55ms]
2024-12-26 17:45:24.390 [info] > git log --format=%H%n%aN%n%aE%n%at%n%ct%n%P%n%D%n%B -z -n6 --follow -- c:\Users\Pedro Cipriano\Desktop\GitHub\log\log_branches [64ms]
2024-12-26 17:45:24.393 [info] > git config --get commit.template [51ms]
2024-12-26 17:45:24.393 [info] > git rev-parse --show-toplevel [49ms]
2024-12-26 17:45:24.408 [info] > git config --local branch.main.vscode-merge-base [44ms]
2024-12-26 17:45:24.408 [warning] [Git][config] git config failed: Failed to execute git
2024-12-26 17:45:24.413 [info] > git for-each-ref --format=%(refname)%00%(upstream:short)%00%(objectname)%00%(upstream:track)%00%(upstream:remotename)%00%(upstream:remoteref) --ignore-case refs/heads/main refs/remotes/main [53ms]
2024-12-26 17:45:24.416 [warning] [Git][revParse] Unable to read file: ENOENT: no such file or directory, open 'c:\Users\Pedro Cipriano\Desktop\GitHub\git_rep_v1.1\.git\refs\remotes\origin\main'
2024-12-26 17:45:24.427 [info] > git for-each-ref --sort -committerdate --format %(refname) %(objectname) %(*objectname) [45ms]
2024-12-26 17:45:24.437 [info] > git rev-parse --show-toplevel [40ms]
2024-12-26 17:45:24.440 [info] [Model][doInitialScan] Initial repository scan completed - repositories (2), closed repositories (0), parent repositories (0), unsafe repositories (0)
2024-12-26 17:45:24.454 [info] > git status -z -uall [77ms]
2024-12-26 17:45:24.464 [info] > git reflog main --grep-reflog=branch: Created from *. [53ms]
2024-12-26 17:45:24.468 [info] > git rev-parse refs/remotes/origin/main [51ms]
2024-12-26 17:45:24.493 [info] > git show --textconv :log/log_branches [47ms]
2024-12-26 17:45:24.494 [info] > git ls-files --stage -- C:\Users\Pedro Cipriano\Desktop\GitHub\log\log_branches [44ms]
2024-12-26 17:45:24.507 [info] > git for-each-ref --format=%(refname)%00%(upstream:short)%00%(objectname)%00%(upstream:track)%00%(upstream:remotename)%00%(upstream:remoteref) --ignore-case refs/heads/main refs/remotes/main [47ms]
2024-12-26 17:45:24.515 [info] > git symbolic-ref --short refs/remotes/origin/HEAD [48ms]
2024-12-26 17:45:24.515 [info] fatal: ref refs/remotes/origin/HEAD is not a symbolic ref
2024-12-26 17:45:24.516 [warning] [Repository][getDefaultBranch] Failed to get default branch details: Failed to execute git.
2024-12-26 17:45:24.526 [info] > git status -z -uall [55ms]
2024-12-26 17:45:24.527 [info] > git for-each-ref --sort -committerdate --format %(refname) %(objectname) %(*objectname) [52ms]
2024-12-26 17:45:24.546 [info] > git cat-file -s 1c447acc65a07d780963eb36fa78db0d6497605b [48ms]
2024-12-26 17:45:24.560 [info] > git config --local branch.main.vscode-merge-base [49ms]
2024-12-26 17:45:24.560 [warning] [Git][config] git config failed: Failed to execute git
2024-12-26 17:45:24.570 [info] > git merge-base refs/heads/main refs/remotes/origin/main [50ms]
2024-12-26 17:45:24.582 [info] > git for-each-ref --format=%(refname)%00%(upstream:short)%00%(objectname)%00%(upstream:track)%00%(upstream:remotename)%00%(upstream:remoteref) --ignore-case refs/heads/main refs/remotes/main [48ms]
2024-12-26 17:45:24.586 [info] > git config --get commit.template [48ms]
2024-12-26 17:45:24.588 [info] > git for-each-ref --format=%(refname)%00%(upstream:short)%00%(objectname)%00%(upstream:track)%00%(upstream:remotename)%00%(upstream:remoteref) --ignore-case refs/heads/main refs/remotes/main [47ms]
2024-12-26 17:45:24.592 [warning] [Git][revParse] Unable to read file: ENOENT: no such file or directory, open 'c:\Users\Pedro Cipriano\Desktop\GitHub\git_rep_v1.1\.git\refs\remotes\origin\main'
2024-12-26 17:45:24.606 [info] > git reflog main --grep-reflog=branch: Created from *. [44ms]
2024-12-26 17:45:24.612 [info] > git blame --root --incremental bfcea22b1fa2895290d877710c1e986ca4ae9079 -- C:\Users\Pedro Cipriano\Desktop\GitHub\log\log_branches [53ms]
2024-12-26 17:45:24.616 [info] > git diff --name-status -z --diff-filter=ADMR bfcea22b1fa2895290d877710c1e986ca4ae9079...refs/remotes/origin/main [42ms]
2024-12-26 17:45:24.622 [info] > git config --local branch.main.vscode-merge-base [37ms]
2024-12-26 17:45:24.628 [info] > git rev-parse refs/remotes/origin/main [36ms]
2024-12-26 17:45:24.644 [info] > git symbolic-ref --short refs/remotes/origin/HEAD [36ms]
2024-12-26 17:45:24.644 [info] fatal: ref refs/remotes/origin/HEAD is not a symbolic ref
2024-12-26 17:45:24.644 [warning] [Repository][getDefaultBranch] Failed to get default branch details: Failed to execute git.
2024-12-26 17:45:24.661 [info] > git for-each-ref --format=%(refname)%00%(upstream:short)%00%(objectname)%00%(upstream:track)%00%(upstream:remotename)%00%(upstream:remoteref) --ignore-case refs/heads/origin/main refs/remotes/origin/main [37ms]
2024-12-26 17:45:24.671 [info] > git status -z -uall [41ms]
2024-12-26 17:45:24.672 [info] > git for-each-ref --sort -committerdate --format %(refname) %(objectname) %(*objectname) [38ms]
2024-12-26 17:45:24.718 [info] > git merge-base refs/heads/main refs/remotes/origin/main [42ms]
2024-12-26 17:45:24.722 [info] > git merge-base refs/heads/main refs/remotes/origin/main [58ms]
2024-12-26 17:45:24.760 [info] > git config --get commit.template [45ms]
2024-12-26 17:45:24.777 [info] > git diff --name-status -z --diff-filter=ADMR 3c90bc6ae442286dca73e7751d8e3eca6459c7a6...refs/remotes/origin/main [49ms]
2024-12-26 17:45:24.778 [info] > git diff --name-status -z --diff-filter=ADMR 3c90bc6ae442286dca73e7751d8e3eca6459c7a6...refs/remotes/origin/main [56ms]
2024-12-26 17:45:24.778 [info] > git config --get commit.template [61ms]
2024-12-26 17:45:24.781 [info] > git for-each-ref --format=%(refname)%00%(upstream:short)%00%(objectname)%00%(upstream:track)%00%(upstream:remotename)%00%(upstream:remoteref) --ignore-case refs/heads/main refs/remotes/main [49ms]
2024-12-26 17:45:24.784 [warning] [Git][revParse] Unable to read file: ENOENT: no such file or directory, open 'c:\Users\Pedro Cipriano\Desktop\GitHub\git_rep_v1.1\.git\refs\remotes\origin\main'
2024-12-26 17:45:24.841 [info] > git for-each-ref --format=%(refname)%00%(upstream:short)%00%(objectname)%00%(upstream:track)%00%(upstream:remotename)%00%(upstream:remoteref) --ignore-case refs/heads/main refs/remotes/main [105ms]
2024-12-26 17:45:24.843 [info] > git rev-parse refs/remotes/origin/main [59ms]
2024-12-26 17:45:24.891 [info] > git status -z -uall [45ms]
2024-12-26 17:45:24.891 [info] > git for-each-ref --sort -committerdate --format %(refname) %(objectname) %(*objectname) [44ms]
2024-12-26 17:45:24.951 [info] > git check-ignore -v -z --stdin [54ms]
2024-12-26 17:45:24.951 [info] > git check-ignore -v -z --stdin [56ms]
2024-12-26 17:45:24.957 [info] > git rev-list --count 4647b7d7a1446d7446e9ae83233b1b7c05ee80b0.. -- c:\Users\Pedro Cipriano\Desktop\GitHub\log\log_branches [57ms]
2024-12-26 17:45:25.006 [info] > git for-each-ref --sort -committerdate --format %(refname) %(objectname) %(*objectname) [49ms]
2024-12-26 17:45:25.017 [info] > git log --format=%H%n%aN%n%aE%n%at%n%ct%n%P%n%D%n%B -z -n6 --follow -- c:\Users\Pedro Cipriano\Desktop\GitHub\log\log_branches [56ms]
2024-12-26 17:45:25.027 [info] > git status -z -uall [73ms]
2024-12-26 22:57:10.489 [info] > git check-ignore -v -z --stdin [47ms]
2024-12-26 22:57:11.744 [info] > git check-ignore -v -z --stdin [40ms]
2024-12-26 22:57:15.771 [info] > git check-ignore -v -z --stdin [41ms]
2024-12-26 22:57:24.950 [info] > git check-ignore -v -z --stdin [46ms]
2024-12-26 22:57:25.504 [info] > git config --get commit.template [47ms]
2024-12-26 22:57:25.508 [info] > git config --get commit.template [48ms]
2024-12-26 22:57:25.514 [info] > git for-each-ref --format=%(refname)%00%(upstream:short)%00%(objectname)%00%(upstream:track)%00%(upstream:remotename)%00%(upstream:remoteref) --ignore-case refs/heads/main refs/remotes/main [50ms]
2024-12-26 22:57:25.522 [info] > git for-each-ref --format=%(refname)%00%(upstream:short)%00%(objectname)%00%(upstream:track)%00%(upstream:remotename)%00%(upstream:remoteref) --ignore-case refs/heads/main refs/remotes/main [54ms]
2024-12-26 22:57:25.525 [warning] [Git][revParse] Unable to read file: ENOENT: no such file or directory, open 'c:\Users\Pedro Cipriano\Desktop\GitHub\git_rep_v1.1\.git\refs\remotes\origin\main'
2024-12-26 22:57:25.566 [info] > git for-each-ref --sort -committerdate --format %(refname) %(objectname) %(*objectname) [45ms]
2024-12-26 22:57:25.570 [info] > git rev-parse refs/remotes/origin/main [45ms]
2024-12-26 22:57:25.601 [info] > git status -z -uall [83ms]
2024-12-26 22:57:25.621 [info] > git status -z -uall [48ms]
2024-12-26 22:57:25.622 [info] > git for-each-ref --sort -committerdate --format %(refname) %(objectname) %(*objectname) [46ms]
2024-12-26 22:57:26.269 [info] > git check-ignore -v -z --stdin [43ms]
2024-12-26 22:57:28.154 [info] > git log --format=%H%n%aN%n%aE%n%at%n%ct%n%P%n%D%n%B -z --shortstat --diff-merges=first-parent -n50 --skip=0 --topo-order --decorate=full --stdin [105ms]
2024-12-26 22:57:28.774 [info] > git check-ignore -v -z --stdin [42ms]
2024-12-26 22:57:43.714 [info] > git log --format=%H%n%aN%n%aE%n%at%n%ct%n%P%n%D%n%B -z --shortstat --diff-merges=first-parent -n50 --skip=0 --topo-order --decorate=full --stdin [78ms]
2024-12-26 22:58:28.500 [info] > git config --get commit.template [41ms]
2024-12-26 22:58:28.505 [info] > git for-each-ref --format=%(refname)%00%(upstream:short)%00%(objectname)%00%(upstream:track)%00%(upstream:remotename)%00%(upstream:remoteref) --ignore-case refs/heads/main refs/remotes/main [44ms]
2024-12-26 22:58:28.554 [info] > git for-each-ref --sort -committerdate --format %(refname) %(objectname) %(*objectname) [41ms]
2024-12-26 22:58:28.580 [info] > git status -z -uall [70ms]
2024-12-26 22:58:28.595 [info] > git ls-files --stage -- C:\Users\Pedro Cipriano\Desktop\GitHub\log\log_branches [43ms]
2024-12-26 22:58:28.649 [info] > git cat-file -s 1c447acc65a07d780963eb36fa78db0d6497605b [50ms]
2024-12-26 22:58:28.802 [info] > git show --textconv :log/log_branches [148ms]
2024-12-26 22:58:28.802 [info] > git log --format=%H%n%aN%n%aE%n%at%n%ct%n%P%n%D%n%B -z --shortstat --diff-merges=first-parent -n50 --skip=0 --topo-order --decorate=full --stdin [215ms]
2024-12-26 22:58:45.417 [info] > git add -A -- . [75ms]
2024-12-26 22:58:45.531 [info] > git -c user.useConfigOnly=true commit --quiet [111ms]
2024-12-26 22:58:45.576 [info] > git config --get-all user.name [41ms]
2024-12-26 22:58:45.621 [info] > git config --get-all user.email [41ms]
2024-12-26 22:58:45.666 [info] > git config --get commit.template [42ms]
2024-12-26 22:58:45.671 [info] > git for-each-ref --format=%(refname)%00%(upstream:short)%00%(objectname)%00%(upstream:track)%00%(upstream:remotename)%00%(upstream:remoteref) --ignore-case refs/heads/main refs/remotes/main [44ms]
2024-12-26 22:58:45.722 [info] > git for-each-ref --sort -committerdate --format %(refname) %(objectname) %(*objectname) [45ms]
2024-12-26 22:58:45.743 [info] > git status -z -uall [69ms]
2024-12-26 22:58:48.560 [info] > git ls-files --stage -- C:\Users\Pedro Cipriano\Desktop\GitHub\log\log_branches [49ms]
2024-12-26 22:58:48.611 [info] > git cat-file -s 1c447acc65a07d780963eb36fa78db0d6497605b [48ms]
2024-12-26 22:58:48.699 [info] > git show --textconv :log/log_branches [48ms]
2024-12-26 22:58:58.218 [info] > git rev-list --count 4647b7d7a1446d7446e9ae83233b1b7c05ee80b0.. -- c:\Users\Pedro Cipriano\Desktop\GitHub\log\log_branches [48ms]
2024-12-26 22:58:58.276 [info] > git log --format=%H%n%aN%n%aE%n%at%n%ct%n%P%n%D%n%B -z -n6 --follow -- c:\Users\Pedro Cipriano\Desktop\GitHub\log\log_branches [54ms]
2024-12-26 22:59:09.631 [info] > git config --get commit.template [42ms]
2024-12-26 22:59:09.639 [info] > git for-each-ref --format=%(refname)%00%(upstream:short)%00%(objectname)%00%(upstream:track)%00%(upstream:remotename)%00%(upstream:remoteref) --ignore-case refs/heads/main refs/remotes/main [47ms]
2024-12-26 22:59:09.693 [info] > git for-each-ref --sort -committerdate --format %(refname) %(objectname) %(*objectname) [47ms]
2024-12-26 22:59:09.714 [info] > git status -z -uall [72ms]
2024-12-26 22:59:13.338 [info] > git log --format=%H%n%aN%n%aE%n%at%n%ct%n%P%n%D%n%B -z --shortstat --diff-merges=first-parent -n50 --skip=0 --topo-order --decorate=full --stdin [75ms]
2024-12-26 22:59:16.825 [info] > git add -A -- . [75ms]
2024-12-26 22:59:16.928 [info] > git -c user.useConfigOnly=true commit --quiet [100ms]
2024-12-26 22:59:16.974 [info] > git config --get-all user.name [43ms]
2024-12-26 22:59:17.022 [info] > git config --get-all user.email [45ms]
2024-12-26 22:59:17.069 [info] > git config --get commit.template [42ms]
2024-12-26 22:59:17.076 [info] > git for-each-ref --format=%(refname)%00%(upstream:short)%00%(objectname)%00%(upstream:track)%00%(upstream:remotename)%00%(upstream:remoteref) --ignore-case refs/heads/main refs/remotes/main [47ms]
2024-12-26 22:59:17.127 [info] > git for-each-ref --sort -committerdate --format %(refname) %(objectname) %(*objectname) [44ms]
2024-12-26 22:59:17.153 [info] > git status -z -uall [73ms]
2024-12-26 22:59:18.537 [info] > git ls-files --stage -- C:\Users\Pedro Cipriano\Desktop\GitHub\log\log_branches [44ms]
2024-12-26 22:59:18.584 [info] > git cat-file -s 1c447acc65a07d780963eb36fa78db0d6497605b [44ms]
2024-12-26 22:59:18.633 [info] > git show --textconv :log/log_branches [46ms]
2024-12-26 22:59:20.000 [info] > git add -A -- . [55ms]
2024-12-26 22:59:20.405 [info] > git log --format=%H%n%aN%n%aE%n%at%n%ct%n%P%n%D%n%B -z --shortstat --diff-merges=first-parent -n50 --skip=0 --topo-order --decorate=full --stdin [70ms]
2024-12-26 22:59:20.574 [info] > git show --textconv :.git/COMMIT_EDITMSG [43ms]
2024-12-26 22:59:20.580 [info] > git ls-files --stage -- C:\Users\Pedro Cipriano\Desktop\GitHub\git_rep_v1.1\.git\COMMIT_EDITMSG [44ms]
2024-12-26 22:59:20.898 [info] > git check-ignore -v -z --stdin [40ms]
2024-12-26 22:59:21.347 [info] > git ls-files --stage -- C:\Users\Pedro Cipriano\Desktop\GitHub\git_rep_v1.1\.git\COMMIT_EDITMSG [47ms]
2024-12-26 22:59:21.405 [info] > git show --textconv :.git/COMMIT_EDITMSG [48ms]
2024-12-26 22:59:21.868 [info] > git blame --root --incremental 3c90bc6ae442286dca73e7751d8e3eca6459c7a6 -- C:\Users\Pedro Cipriano\Desktop\GitHub\git_rep_v1.1\.git\COMMIT_EDITMSG [44ms]
2024-12-26 22:59:21.868 [info] fatal: no such path .git/COMMIT_EDITMSG in 3c90bc6ae442286dca73e7751d8e3eca6459c7a6
2024-12-26 22:59:28.417 [info] > git -c user.useConfigOnly=true commit --quiet [8414ms]
2024-12-26 22:59:28.475 [info] > git config --get commit.template [53ms]
2024-12-26 22:59:28.484 [info] > git log --format=%H%n%aN%n%aE%n%at%n%ct%n%P%n%D%n%B -z --shortstat --diff-merges=first-parent -n50 --skip=0 --topo-order --decorate=full --stdin [96ms]
2024-12-26 22:59:28.487 [info] > git for-each-ref --format=%(refname)%00%(upstream:short)%00%(objectname)%00%(upstream:track)%00%(upstream:remotename)%00%(upstream:remoteref) --ignore-case refs/heads/main refs/remotes/main [61ms]
2024-12-26 22:59:28.491 [warning] [Git][revParse] Unable to read file: ENOENT: no such file or directory, open 'c:\Users\Pedro Cipriano\Desktop\GitHub\git_rep_v1.1\.git\refs\remotes\origin\main'
2024-12-26 22:59:28.537 [info] > git rev-parse refs/remotes/origin/main [46ms]
2024-12-26 22:59:28.592 [info] > git for-each-ref --sort -committerdate --format %(refname) %(objectname) %(*objectname) [50ms]
2024-12-26 22:59:28.593 [info] > git status -z -uall [53ms]
2024-12-26 22:59:28.646 [info] > git ls-files --stage -- C:\Users\Pedro Cipriano\Desktop\GitHub\log\log_branches [65ms]
2024-12-26 22:59:28.649 [info] > git show --textconv :log/log_branches [73ms]
2024-12-26 22:59:28.669 [info] > git merge-base refs/heads/main refs/remotes/origin/main [69ms]
2024-12-26 22:59:28.697 [info] > git config --get commit.template [60ms]
2024-12-26 22:59:28.701 [info] > git cat-file -s 1c447acc65a07d780963eb36fa78db0d6497605b [53ms]
2024-12-26 22:59:28.703 [info] > git for-each-ref --format=%(refname)%00%(upstream:short)%00%(objectname)%00%(upstream:track)%00%(upstream:remotename)%00%(upstream:remoteref) --ignore-case refs/heads/main refs/remotes/main [63ms]
2024-12-26 22:59:28.706 [warning] [Git][revParse] Unable to read file: ENOENT: no such file or directory, open 'c:\Users\Pedro Cipriano\Desktop\GitHub\git_rep_v1.1\.git\refs\remotes\origin\main'
2024-12-26 22:59:28.725 [info] > git diff --name-status -z --diff-filter=ADMR 3c90bc6ae442286dca73e7751d8e3eca6459c7a6...refs/remotes/origin/main [52ms]
2024-12-26 22:59:28.751 [info] > git rev-parse refs/remotes/origin/main [45ms]
2024-12-26 22:59:28.801 [info] > git status -z -uall [47ms]
2024-12-26 22:59:28.804 [info] > git for-each-ref --sort -committerdate --format %(refname) %(objectname) %(*objectname) [46ms]
2024-12-26 22:59:35.829 [info] > git log --oneline --cherry main...main@{upstream} -- [45ms]
2024-12-26 22:59:37.142 [info] > git pull --tags origin main [1307ms]
2024-12-26 22:59:37.142 [info] From https://github.com/KazAyelCipriano/curso_github
 * branch            main       -> FETCH_HEAD
   3c90bc6..bfcea22  main       -> origin/main
2024-12-26 22:59:37.194 [info] > git for-each-ref --format=%(refname)%00%(upstream:short)%00%(objectname)%00%(upstream:track)%00%(upstream:remotename)%00%(upstream:remoteref) --ignore-case refs/heads/main refs/remotes/main [48ms]
2024-12-26 22:59:37.259 [info] > git for-each-ref --sort -committerdate --format %(refname) %(objectname) %(*objectname) [47ms]
2024-12-26 22:59:37.260 [info] > git status -z -uall [51ms]
2024-12-26 22:59:37.311 [info] > git merge-base refs/heads/main refs/remotes/origin/main [45ms]
2024-12-26 22:59:37.366 [info] > git diff --name-status -z --diff-filter=ADMR 3c90bc6ae442286dca73e7751d8e3eca6459c7a6...refs/remotes/origin/main [51ms]
2024-12-26 22:59:37.936 [info] > git check-ignore -v -z --stdin [44ms]
2024-12-26 22:59:38.380 [info] > git config --get commit.template [43ms]
2024-12-26 22:59:38.388 [info] > git for-each-ref --format=%(refname)%00%(upstream:short)%00%(objectname)%00%(upstream:track)%00%(upstream:remotename)%00%(upstream:remoteref) --ignore-case refs/heads/main refs/remotes/main [46ms]
2024-12-26 22:59:38.397 [info] > git for-each-ref --format=%(refname)%00%(upstream:short)%00%(objectname)%00%(upstream:track)%00%(upstream:remotename)%00%(upstream:remoteref) --ignore-case refs/heads/main refs/remotes/main [52ms]
2024-12-26 22:59:38.447 [info] > git for-each-ref --sort -committerdate --format %(refname) %(objectname) %(*objectname) [51ms]
2024-12-26 22:59:38.455 [info] > git status -z -uall [53ms]
2024-12-26 22:59:38.456 [info] > git for-each-ref --sort -committerdate --format %(refname) %(objectname) %(*objectname) [51ms]
2024-12-26 22:59:38.479 [info] > git status -z -uall [87ms]
2024-12-26 22:59:40.581 [info] > git add -A -- . [49ms]
2024-12-26 22:59:41.132 [info] > git show --textconv :.git/COMMIT_EDITMSG [44ms]
2024-12-26 22:59:41.136 [info] > git ls-files --stage -- C:\Users\Pedro Cipriano\Desktop\GitHub\.git\COMMIT_EDITMSG [45ms]
2024-12-26 22:59:41.441 [info] > git check-ignore -v -z --stdin [40ms]
2024-12-26 22:59:41.947 [info] > git ls-files --stage -- C:\Users\Pedro Cipriano\Desktop\GitHub\.git\COMMIT_EDITMSG [41ms]
2024-12-26 22:59:41.994 [info] > git show --textconv :.git/COMMIT_EDITMSG [41ms]
2024-12-26 22:59:42.417 [info] > git blame --root --incremental bfcea22b1fa2895290d877710c1e986ca4ae9079 -- C:\Users\Pedro Cipriano\Desktop\GitHub\.git\COMMIT_EDITMSG [42ms]
2024-12-26 22:59:42.417 [info] fatal: no such path .git/COMMIT_EDITMSG in bfcea22b1fa2895290d877710c1e986ca4ae9079
2024-12-26 22:59:43.513 [info] > git for-each-ref --format=%(refname)%00%(upstream:short)%00%(objectname)%00%(upstream:track)%00%(upstream:remotename)%00%(upstream:remoteref) --ignore-case refs/heads/main refs/remotes/main [45ms]
2024-12-26 22:59:43.569 [info] > git for-each-ref --sort -committerdate --format %(refname) %(objectname) %(*objectname) [48ms]
2024-12-26 22:59:43.570 [info] > git status -z -uall [53ms]
2024-12-26 22:59:52.687 [info] > git -c user.useConfigOnly=true commit --quiet [12102ms]
2024-12-26 22:59:52.751 [info] > git config --get commit.template [60ms]
2024-12-26 22:59:52.761 [info] > git for-each-ref --format=%(refname)%00%(upstream:short)%00%(objectname)%00%(upstream:track)%00%(upstream:remotename)%00%(upstream:remoteref) --ignore-case refs/heads/main refs/remotes/main [67ms]
2024-12-26 22:59:52.824 [info] > git for-each-ref --sort -committerdate --format %(refname) %(objectname) %(*objectname) [56ms]
2024-12-26 22:59:52.854 [info] > git status -z -uall [89ms]
2024-12-26 22:59:52.909 [info] > git show --textconv :log/log_branches [60ms]
2024-12-26 22:59:52.918 [info] > git ls-files --stage -- C:\Users\Pedro Cipriano\Desktop\GitHub\log\log_branches [64ms]
2024-12-26 22:59:52.922 [info] > git merge-base refs/heads/main refs/remotes/origin/main [61ms]
2024-12-26 22:59:52.973 [info] > git config --get commit.template [63ms]
2024-12-26 22:59:52.985 [info] > git for-each-ref --format=%(refname)%00%(upstream:short)%00%(objectname)%00%(upstream:track)%00%(upstream:remotename)%00%(upstream:remoteref) --ignore-case refs/heads/main refs/remotes/main [71ms]
2024-12-26 22:59:52.985 [info] > git cat-file -s 1c447acc65a07d780963eb36fa78db0d6497605b [65ms]
2024-12-26 22:59:52.995 [info] > git diff --name-status -z --diff-filter=ADMR bfcea22b1fa2895290d877710c1e986ca4ae9079...refs/remotes/origin/main [69ms]
2024-12-26 22:59:53.007 [info] > git log --format=%H%n%aN%n%aE%n%at%n%ct%n%P%n%D%n%B -z --shortstat --diff-merges=first-parent -n50 --skip=0 --topo-order --decorate=full --stdin [107ms]
2024-12-26 22:59:53.049 [info] > git for-each-ref --sort -committerdate --format %(refname) %(objectname) %(*objectname) [55ms]
2024-12-26 22:59:53.064 [info] > git blame --root --incremental 74568b4cd0b8823d952e36dbc5ae68315cc5e334 -- C:\Users\Pedro Cipriano\Desktop\GitHub\log\log_branches [59ms]
2024-12-26 22:59:53.078 [info] > git status -z -uall [88ms]
2024-12-26 22:59:53.985 [info] > git ls-files --stage -- C:\Users\Pedro Cipriano\Desktop\GitHub\log\log_branches [46ms]
2024-12-26 22:59:54.035 [info] > git cat-file -s 1c447acc65a07d780963eb36fa78db0d6497605b [46ms]
2024-12-26 22:59:54.097 [info] > git show --textconv :log/log_branches [56ms]
2024-12-26 23:00:00.144 [info] > git add -A -- . [79ms]
2024-12-26 23:00:00.264 [info] > git -c user.useConfigOnly=true commit --quiet [116ms]
2024-12-26 23:00:00.316 [info] > git config --get-all user.name [48ms]
2024-12-26 23:00:00.363 [info] > git config --get-all user.email [45ms]
2024-12-26 23:00:00.416 [info] > git config --get commit.template [49ms]
2024-12-26 23:00:00.424 [info] > git for-each-ref --format=%(refname)%00%(upstream:short)%00%(objectname)%00%(upstream:track)%00%(upstream:remotename)%00%(upstream:remoteref) --ignore-case refs/heads/main refs/remotes/main [54ms]
2024-12-26 23:00:00.479 [info] > git for-each-ref --sort -committerdate --format %(refname) %(objectname) %(*objectname) [47ms]
2024-12-26 23:00:00.502 [info] > git status -z -uall [75ms]
2024-12-26 23:00:02.065 [info] > git ls-files --stage -- C:\Users\Pedro Cipriano\Desktop\GitHub\log\log_branches [44ms]
2024-12-26 23:00:02.112 [info] > git cat-file -s 1c447acc65a07d780963eb36fa78db0d6497605b [45ms]
2024-12-26 23:00:02.159 [info] > git show --textconv :log/log_branches [43ms]
2024-12-26 23:00:03.509 [info] > git rev-list --count 4647b7d7a1446d7446e9ae83233b1b7c05ee80b0.. -- c:\Users\Pedro Cipriano\Desktop\GitHub\log\log_branches [48ms]
2024-12-26 23:00:03.571 [info] > git log --format=%H%n%aN%n%aE%n%at%n%ct%n%P%n%D%n%B -z -n6 --follow -- c:\Users\Pedro Cipriano\Desktop\GitHub\log\log_branches [58ms]
2024-12-26 23:00:39.640 [info] > git check-ignore -v -z --stdin [43ms]
2024-12-26 23:00:49.151 [info] > git config --get commit.template [47ms]
2024-12-26 23:00:49.157 [info] > git for-each-ref --format=%(refname)%00%(upstream:short)%00%(objectname)%00%(upstream:track)%00%(upstream:remotename)%00%(upstream:remoteref) --ignore-case refs/heads/main refs/remotes/main [48ms]
2024-12-26 23:00:49.164 [info] > git for-each-ref --format=%(refname)%00%(upstream:short)%00%(objectname)%00%(upstream:track)%00%(upstream:remotename)%00%(upstream:remoteref) --ignore-case refs/heads/main refs/remotes/main [53ms]
2024-12-26 23:00:49.228 [info] > git for-each-ref --sort -committerdate --format %(refname) %(objectname) %(*objectname) [64ms]
2024-12-26 23:00:49.234 [info] > git status -z -uall [65ms]
2024-12-26 23:00:49.246 [info] > git for-each-ref --sort -committerdate --format %(refname) %(objectname) %(*objectname) [74ms]
2024-12-26 23:00:49.251 [info] > git status -z -uall [91ms]
2024-12-26 23:00:52.124 [info] > git log --format=%H%n%aN%n%aE%n%at%n%ct%n%P%n%D%n%B -z --shortstat --diff-merges=first-parent -n50 --skip=0 --topo-order --decorate=full --stdin [86ms]
2024-12-26 23:00:54.716 [info] > git add -A -- . [77ms]
2024-12-26 23:00:54.825 [info] > git -c user.useConfigOnly=true commit --quiet [106ms]
2024-12-26 23:00:54.871 [info] > git config --get-all user.name [42ms]
2024-12-26 23:00:54.914 [info] > git config --get-all user.email [41ms]
2024-12-26 23:00:54.963 [info] > git config --get commit.template [46ms]
2024-12-26 23:00:54.966 [info] > git for-each-ref --format=%(refname)%00%(upstream:short)%00%(objectname)%00%(upstream:track)%00%(upstream:remotename)%00%(upstream:remoteref) --ignore-case refs/heads/main refs/remotes/main [45ms]
2024-12-26 23:00:55.019 [info] > git for-each-ref --sort -committerdate --format %(refname) %(objectname) %(*objectname) [44ms]
2024-12-26 23:00:55.043 [info] > git status -z -uall [73ms]
2024-12-26 23:00:56.499 [info] > git ls-files --stage -- C:\Users\Pedro Cipriano\Desktop\GitHub\log\log_branches [43ms]
2024-12-26 23:00:56.547 [info] > git cat-file -s 1c447acc65a07d780963eb36fa78db0d6497605b [45ms]
2024-12-26 23:00:56.592 [info] > git show --textconv :log/log_branches [41ms]
2024-12-26 23:01:01.021 [info] > git log --format=%H%n%aN%n%aE%n%at%n%ct%n%P%n%D%n%B -z --shortstat --diff-merges=first-parent -n50 --skip=0 --topo-order --decorate=full --stdin [64ms]
2024-12-26 23:01:32.697 [info] > git diff --cached [45ms]
2024-12-26 23:01:32.748 [info] > git log --format=%H%n%aN%n%aE%n%at%n%ct%n%P%n%D%n%B -z -n5 [45ms]
2024-12-26 23:01:32.792 [info] > git config --local user.name [40ms]
2024-12-26 23:01:32.793 [warning] [Git][config] git config failed: Failed to execute git
2024-12-26 23:01:32.842 [info] > git log --format=%H%n%aN%n%aE%n%at%n%ct%n%P%n%D%n%B -z -n5 [46ms]
2024-12-26 23:01:54.213 [info] > git rev-list --count 4647b7d7a1446d7446e9ae83233b1b7c05ee80b0.. -- c:\Users\Pedro Cipriano\Desktop\GitHub\log\log_branches [47ms]
2024-12-26 23:01:54.274 [info] > git log --format=%H%n%aN%n%aE%n%at%n%ct%n%P%n%D%n%B -z -n6 --follow -- c:\Users\Pedro Cipriano\Desktop\GitHub\log\log_branches [57ms]
2024-12-26 23:01:59.594 [info] > git log --format=%H%n%aN%n%aE%n%at%n%ct%n%P%n%D%n%B -z -n234 --follow -- c:\Users\Pedro Cipriano\Desktop\GitHub\git_rep_v1.0\log\log_branches [53ms]
2024-12-26 23:01:59.772 [info] > git show --textconv :git_rep_v1.0/log/log_branches [43ms]
2024-12-26 23:01:59.777 [info] > git ls-files --stage -- C:\Users\Pedro Cipriano\Desktop\GitHub\git_rep_v1.0\log\log_branches [43ms]
2024-12-26 23:01:59.829 [info] > git blame --root --incremental 74568b4cd0b8823d952e36dbc5ae68315cc5e334 -- C:\Users\Pedro Cipriano\Desktop\GitHub\git_rep_v1.0\log\log_branches [43ms]
2024-12-26 23:01:59.829 [info] fatal: no such path git_rep_v1.0/log/log_branches in 74568b4cd0b8823d952e36dbc5ae68315cc5e334
2024-12-26 23:02:00.120 [info] > git check-ignore -v -z --stdin [41ms]
2024-12-26 23:02:00.624 [info] > git config --get commit.template [42ms]
2024-12-26 23:02:00.630 [info] > git for-each-ref --format=%(refname)%00%(upstream:short)%00%(objectname)%00%(upstream:track)%00%(upstream:remotename)%00%(upstream:remoteref) --ignore-case refs/heads/main refs/remotes/main [44ms]
2024-12-26 23:02:00.682 [info] > git for-each-ref --sort -committerdate --format %(refname) %(objectname) %(*objectname) [44ms]
2024-12-26 23:02:00.707 [info] > git status -z -uall [72ms]
2024-12-26 23:02:02.533 [info] > git check-ignore -v -z --stdin [41ms]
2024-12-26 23:02:05.766 [info] > git config --get commit.template [42ms]
2024-12-26 23:02:05.771 [info] > git for-each-ref --format=%(refname)%00%(upstream:short)%00%(objectname)%00%(upstream:track)%00%(upstream:remotename)%00%(upstream:remoteref) --ignore-case refs/heads/main refs/remotes/main [44ms]
2024-12-26 23:02:05.824 [info] > git for-each-ref --sort -committerdate --format %(refname) %(objectname) %(*objectname) [46ms]
2024-12-26 23:02:05.846 [info] > git status -z -uall [71ms]
2024-12-26 23:02:08.402 [info] > git log --format=%H%n%aN%n%aE%n%at%n%ct%n%P%n%D%n%B -z --shortstat --diff-merges=first-parent -n50 --skip=0 --topo-order --decorate=full --stdin [72ms]
2024-12-26 23:02:08.961 [info] > git check-ignore -v -z --stdin [40ms]
2024-12-26 23:02:11.216 [info] > git add -A -- . [78ms]
2024-12-26 23:02:11.750 [info] > git show --textconv :.git/COMMIT_EDITMSG [41ms]
2024-12-26 23:02:11.754 [info] > git ls-files --stage -- C:\Users\Pedro Cipriano\Desktop\GitHub\.git\COMMIT_EDITMSG [41ms]
2024-12-26 23:02:12.585 [info] > git ls-files --stage -- C:\Users\Pedro Cipriano\Desktop\GitHub\.git\COMMIT_EDITMSG [44ms]
2024-12-26 23:02:12.631 [info] > git show --textconv :.git/COMMIT_EDITMSG [42ms]
2024-12-26 23:02:12.899 [info] > git blame --root --incremental 74568b4cd0b8823d952e36dbc5ae68315cc5e334 -- C:\Users\Pedro Cipriano\Desktop\GitHub\.git\COMMIT_EDITMSG [40ms]
2024-12-26 23:02:12.900 [info] fatal: no such path .git/COMMIT_EDITMSG in 74568b4cd0b8823d952e36dbc5ae68315cc5e334
2024-12-26 23:02:21.612 [info] > git -c user.useConfigOnly=true commit --quiet [10392ms]
2024-12-26 23:02:21.658 [info] > git config --get commit.template [43ms]
2024-12-26 23:02:21.666 [info] > git for-each-ref --format=%(refname)%00%(upstream:short)%00%(objectname)%00%(upstream:track)%00%(upstream:remotename)%00%(upstream:remoteref) --ignore-case refs/heads/main refs/remotes/main [46ms]
2024-12-26 23:02:21.718 [info] > git for-each-ref --sort -committerdate --format %(refname) %(objectname) %(*objectname) [45ms]
2024-12-26 23:02:21.741 [info] > git status -z -uall [71ms]
2024-12-26 23:02:21.797 [info] > git merge-base refs/heads/main refs/remotes/origin/main [51ms]
2024-12-26 23:02:21.840 [info] > git config --get commit.template [60ms]
2024-12-26 23:02:21.857 [info] > git for-each-ref --format=%(refname)%00%(upstream:short)%00%(objectname)%00%(upstream:track)%00%(upstream:remotename)%00%(upstream:remoteref) --ignore-case refs/heads/main refs/remotes/main [73ms]
2024-12-26 23:02:21.873 [info] > git diff --name-status -z --diff-filter=ADMR bfcea22b1fa2895290d877710c1e986ca4ae9079...refs/remotes/origin/main [72ms]
2024-12-26 23:02:21.878 [info] > git log --format=%H%n%aN%n%aE%n%at%n%ct%n%P%n%D%n%B -z --shortstat --diff-merges=first-parent -n50 --skip=0 --topo-order --decorate=full --stdin [111ms]
2024-12-26 23:02:21.892 [info] > git show --textconv :git_rep_v1.0/log/log_branches [76ms]
2024-12-26 23:02:21.893 [info] > git ls-files --stage -- C:\Users\Pedro Cipriano\Desktop\GitHub\git_rep_v1.0\log\log_branches [73ms]
2024-12-26 23:02:21.920 [info] > git for-each-ref --sort -committerdate --format %(refname) %(objectname) %(*objectname) [56ms]
2024-12-26 23:02:21.943 [info] > git status -z -uall [83ms]
2024-12-26 23:02:21.946 [info] > git cat-file -s 1c447acc65a07d780963eb36fa78db0d6497605b [50ms]
2024-12-26 23:02:22.028 [info] > git blame --root --incremental da7d0ab66b53a400b5fe3de0fbe1ce946e0f4132 -- C:\Users\Pedro Cipriano\Desktop\GitHub\git_rep_v1.0\log\log_branches [49ms]
2024-12-26 23:02:22.971 [info] > git ls-files --stage -- C:\Users\Pedro Cipriano\Desktop\GitHub\git_rep_v1.0\log\log_branches [39ms]
2024-12-26 23:02:23.015 [info] > git cat-file -s 1c447acc65a07d780963eb36fa78db0d6497605b [42ms]
2024-12-26 23:02:23.063 [info] > git show --textconv :git_rep_v1.0/log/log_branches [43ms]
2024-12-26 23:02:28.265 [info] > git log --format=%H%n%aN%n%aE%n%at%n%ct%n%P%n%D%n%B -z -n234 --follow -- c:\Users\Pedro Cipriano\Desktop\GitHub\git_rep_v1.0\log\log_branches [57ms]
2024-12-26 23:02:33.449 [info] > git log --format=%H%n%aN%n%aE%n%at%n%ct%n%P%n%D%n%B -z --shortstat --diff-merges=first-parent -n50 --skip=0 --topo-order --decorate=full --stdin [85ms]
2024-12-26 23:02:36.852 [info] > git add -A -- . [74ms]
2024-12-26 23:02:36.956 [info] > git -c user.useConfigOnly=true commit --quiet [101ms]
2024-12-26 23:02:37.000 [info] > git config --get-all user.name [40ms]
2024-12-26 23:02:37.044 [info] > git config --get-all user.email [41ms]
2024-12-26 23:02:37.094 [info] > git config --get commit.template [46ms]
2024-12-26 23:02:37.102 [info] > git for-each-ref --format=%(refname)%00%(upstream:short)%00%(objectname)%00%(upstream:track)%00%(upstream:remotename)%00%(upstream:remoteref) --ignore-case refs/heads/main refs/remotes/main [51ms]
2024-12-26 23:02:37.151 [info] > git for-each-ref --sort -committerdate --format %(refname) %(objectname) %(*objectname) [42ms]
2024-12-26 23:02:37.178 [info] > git status -z -uall [73ms]
2024-12-26 23:02:38.623 [info] > git ls-files --stage -- C:\Users\Pedro Cipriano\Desktop\GitHub\git_rep_v1.0\log\log_branches [40ms]
2024-12-26 23:02:38.669 [info] > git cat-file -s 1c447acc65a07d780963eb36fa78db0d6497605b [43ms]
2024-12-26 23:02:38.717 [info] > git show --textconv :git_rep_v1.0/log/log_branches [45ms]
2024-12-26 23:02:52.118 [info] > git rev-list --count 4647b7d7a1446d7446e9ae83233b1b7c05ee80b0.. -- c:\Users\Pedro Cipriano\Desktop\GitHub\git_rep_v1.0\log\log_branches [55ms]
2024-12-26 23:02:52.176 [info] > git log --format=%H%n%aN%n%aE%n%at%n%ct%n%P%n%D%n%B -z -n3 --follow -- c:\Users\Pedro Cipriano\Desktop\GitHub\git_rep_v1.0\log\log_branches [53ms]
2024-12-26 23:03:16.460 [info] > git rev-list --count bfcea22b1fa2895290d877710c1e986ca4ae9079.. -- c:\Users\Pedro Cipriano\Desktop\GitHub\git_rep_v1.0\log\log_branches [42ms]
2024-12-26 23:03:16.510 [info] > git log --format=%H%n%aN%n%aE%n%at%n%ct%n%P%n%D%n%B -z -n3 --follow -- c:\Users\Pedro Cipriano\Desktop\GitHub\git_rep_v1.0\log\log_branches [47ms]
2024-12-26 23:03:16.961 [info] > git config --get commit.template [39ms]
2024-12-26 23:03:16.968 [info] > git for-each-ref --format=%(refname)%00%(upstream:short)%00%(objectname)%00%(upstream:track)%00%(upstream:remotename)%00%(upstream:remoteref) --ignore-case refs/heads/main refs/remotes/main [45ms]
2024-12-26 23:03:17.018 [info] > git for-each-ref --sort -committerdate --format %(refname) %(objectname) %(*objectname) [44ms]
2024-12-26 23:03:17.044 [info] > git status -z -uall [73ms]
2024-12-26 23:03:17.056 [info] > git ls-files --stage -- C:\Users\Pedro Cipriano\Desktop\GitHub\git_rep_v1.0\log\log_branches [39ms]
2024-12-26 23:03:17.098 [info] > git cat-file -s 1c447acc65a07d780963eb36fa78db0d6497605b [39ms]
2024-12-26 23:03:17.143 [info] > git show --textconv :git_rep_v1.0/log/log_branches [42ms]
2024-12-26 23:03:34.315 [info] > git log --format=%H%n%aN%n%aE%n%at%n%ct%n%P%n%D%n%B -z --shortstat --diff-merges=first-parent -n50 --skip=0 --topo-order --decorate=full --stdin [81ms]
2024-12-26 23:03:56.306 [info] > git add -A -- C:\Users\Pedro Cipriano\Desktop\GitHub\git_rep_v1.1\git_rep_v1.1~bfcea22b1fa2895290d877710c1e986ca4ae9079 [45ms]
2024-12-26 23:03:56.354 [info] > git for-each-ref --format=%(refname)%00%(upstream:short)%00%(objectname)%00%(upstream:track)%00%(upstream:remotename)%00%(upstream:remoteref) --ignore-case refs/heads/main refs/remotes/main [44ms]
2024-12-26 23:03:56.404 [info] > git status -z -uall [48ms]
2024-12-26 23:03:56.405 [info] > git for-each-ref --sort -committerdate --format %(refname) %(objectname) %(*objectname) [44ms]
2024-12-26 23:04:00.394 [info] > git add -A -- . [72ms]
2024-12-26 23:04:00.492 [info] > git -c user.useConfigOnly=true commit --quiet [94ms]
2024-12-26 23:04:00.534 [info] > git config --get-all user.name [39ms]
2024-12-26 23:04:00.575 [info] > git config --get-all user.email [38ms]
2024-12-26 23:04:00.617 [info] > git config --get commit.template [38ms]
2024-12-26 23:04:00.624 [info] > git for-each-ref --format=%(refname)%00%(upstream:short)%00%(objectname)%00%(upstream:track)%00%(upstream:remotename)%00%(upstream:remoteref) --ignore-case refs/heads/main refs/remotes/main [44ms]
2024-12-26 23:04:00.674 [info] > git for-each-ref --sort -committerdate --format %(refname) %(objectname) %(*objectname) [44ms]
2024-12-26 23:04:00.698 [info] > git status -z -uall [70ms]
2024-12-26 23:04:02.251 [info] > git ls-files --stage -- C:\Users\Pedro Cipriano\Desktop\GitHub\git_rep_v1.0\log\log_branches [41ms]
2024-12-26 23:04:02.291 [info] > git cat-file -s 1c447acc65a07d780963eb36fa78db0d6497605b [38ms]
2024-12-26 23:04:02.335 [info] > git show --textconv :git_rep_v1.0/log/log_branches [40ms]
2024-12-26 23:04:05.622 [info] > git -c user.useConfigOnly=true commit --quiet --allow-empty-message --file - [80ms]
2024-12-26 23:04:05.665 [info] > git config --get commit.template [40ms]
2024-12-26 23:04:05.710 [info] > git config --get commit.template [41ms]
2024-12-26 23:04:05.716 [info] > git for-each-ref --format=%(refname)%00%(upstream:short)%00%(objectname)%00%(upstream:track)%00%(upstream:remotename)%00%(upstream:remoteref) --ignore-case refs/heads/main refs/remotes/main [44ms]
2024-12-26 23:04:05.766 [info] > git for-each-ref --sort -committerdate --format %(refname) %(objectname) %(*objectname) [44ms]
2024-12-26 23:04:05.767 [info] > git status -z -uall [47ms]
2024-12-26 23:04:05.838 [info] > git merge-base refs/heads/main refs/remotes/origin/main [67ms]
2024-12-26 23:04:05.842 [info] > git show -s --decorate=full --shortstat --format=%H%n%aN%n%aE%n%at%n%ct%n%P%n%D%n%B -z 77961ca49009797114b0d10db7399602d95e2987 [67ms]
2024-12-26 23:04:05.859 [info] > git config --get commit.template [59ms]
2024-12-26 23:04:05.869 [info] > git for-each-ref --format=%(refname)%00%(upstream:short)%00%(objectname)%00%(upstream:track)%00%(upstream:remotename)%00%(upstream:remoteref) --ignore-case refs/heads/main refs/remotes/main [64ms]
2024-12-26 23:04:05.888 [info] > git diff --name-status -z --diff-filter=ADMR bfcea22b1fa2895290d877710c1e986ca4ae9079...refs/remotes/origin/main [47ms]
2024-12-26 23:04:05.915 [info] > git status -z -uall [44ms]
2024-12-26 23:04:05.919 [info] > git for-each-ref --sort -committerdate --format %(refname) %(objectname) %(*objectname) [45ms]
2024-12-26 23:04:06.949 [info] > git log --oneline --cherry main...main@{upstream} -- [47ms]
2024-12-26 23:04:07.893 [info] > git pull --tags origin main [942ms]
2024-12-26 23:04:07.893 [info] From https://github.com/KazAyelCipriano/curso_github
 * branch            main       -> FETCH_HEAD
2024-12-26 23:04:11.485 [info] > git push origin main:main [3588ms]
2024-12-26 23:04:11.485 [info] To https://github.com/KazAyelCipriano/curso_github.git
   bfcea22..77961ca  main -> main
2024-12-26 23:04:11.530 [info] > git config --get commit.template [41ms]
2024-12-26 23:04:11.535 [info] > git for-each-ref --format=%(refname)%00%(upstream:short)%00%(objectname)%00%(upstream:track)%00%(upstream:remotename)%00%(upstream:remoteref) --ignore-case refs/heads/main refs/remotes/main [43ms]
2024-12-26 23:04:11.584 [info] > git for-each-ref --sort -committerdate --format %(refname) %(objectname) %(*objectname) [42ms]
2024-12-26 23:04:11.585 [info] > git status -z -uall [47ms]
2024-12-26 23:04:11.634 [info] > git merge-base refs/heads/main refs/remotes/origin/main [43ms]
2024-12-26 23:04:11.680 [info] > git diff --name-status -z --diff-filter=ADMR 77961ca49009797114b0d10db7399602d95e2987...refs/remotes/origin/main [42ms]
2024-12-26 23:04:15.524 [info] > git add -A -- . [51ms]
2024-12-26 23:04:16.108 [info] > git show --textconv :.git/COMMIT_EDITMSG [70ms]
2024-12-26 23:04:16.109 [info] > git ls-files --stage -- C:\Users\Pedro Cipriano\Desktop\GitHub\.git\COMMIT_EDITMSG [67ms]
2024-12-26 23:04:16.883 [info] > git ls-files --stage -- C:\Users\Pedro Cipriano\Desktop\GitHub\.git\COMMIT_EDITMSG [42ms]
2024-12-26 23:04:16.929 [info] > git show --textconv :.git/COMMIT_EDITMSG [41ms]
2024-12-26 23:04:17.287 [info] > git blame --root --incremental da7d0ab66b53a400b5fe3de0fbe1ce946e0f4132 -- C:\Users\Pedro Cipriano\Desktop\GitHub\.git\COMMIT_EDITMSG [41ms]
2024-12-26 23:04:17.287 [info] fatal: no such path .git/COMMIT_EDITMSG in da7d0ab66b53a400b5fe3de0fbe1ce946e0f4132
2024-12-26 23:04:26.135 [info] > git -c user.useConfigOnly=true commit --quiet [10607ms]
2024-12-26 23:04:26.181 [info] > git config --get commit.template [41ms]
2024-12-26 23:04:26.184 [info] > git for-each-ref --format=%(refname)%00%(upstream:short)%00%(objectname)%00%(upstream:track)%00%(upstream:remotename)%00%(upstream:remoteref) --ignore-case refs/heads/main refs/remotes/main [42ms]
2024-12-26 23:04:26.238 [info] > git for-each-ref --sort -committerdate --format %(refname) %(objectname) %(*objectname) [46ms]
2024-12-26 23:04:26.258 [info] > git status -z -uall [70ms]
2024-12-26 23:04:26.313 [info] > git merge-base refs/heads/main refs/remotes/origin/main [50ms]
2024-12-26 23:04:26.365 [info] > git show --textconv :git_rep_v1.0/log/log_branches [53ms]
2024-12-26 23:04:26.369 [info] > git diff --name-status -z --diff-filter=ADMR bfcea22b1fa2895290d877710c1e986ca4ae9079...refs/remotes/origin/main [52ms]
2024-12-26 23:04:26.369 [info] > git log --format=%H%n%aN%n%aE%n%at%n%ct%n%P%n%D%n%B -z --shortstat --diff-merges=first-parent -n50 --skip=0 --topo-order --decorate=full --stdin [90ms]
2024-12-26 23:04:26.371 [info] > git ls-files --stage -- C:\Users\Pedro Cipriano\Desktop\GitHub\git_rep_v1.0\log\log_branches [50ms]
2024-12-26 23:04:26.418 [info] > git cat-file -s 1c447acc65a07d780963eb36fa78db0d6497605b [44ms]
2024-12-26 23:04:26.474 [info] > git blame --root --incremental 851c487e10e077591609e009ee6a937acb86f9c7 -- C:\Users\Pedro Cipriano\Desktop\GitHub\git_rep_v1.0\log\log_branches [47ms]
2024-12-26 23:04:27.482 [info] > git ls-files --stage -- C:\Users\Pedro Cipriano\Desktop\GitHub\git_rep_v1.0\log\log_branches [42ms]
2024-12-26 23:04:27.525 [info] > git cat-file -s 1c447acc65a07d780963eb36fa78db0d6497605b [40ms]
2024-12-26 23:04:27.569 [info] > git show --textconv :git_rep_v1.0/log/log_branches [40ms]
2024-12-26 23:04:28.003 [info] > git push origin main:main [1734ms]
2024-12-26 23:04:28.003 [info] To https://github.com/KazAyelCipriano/curso_github.git
 ! [rejected]        main -> main (fetch first)
error: failed to push some refs to 'https://github.com/KazAyelCipriano/curso_github.git'
hint: Updates were rejected because the remote contains work that you do not
hint: have locally. This is usually caused by another repository pushing to
hint: the same ref. If you want to integrate the remote changes, use
hint: 'git pull' before pushing again.
hint: See the 'Note about fast-forwards' in 'git push --help' for details.
2024-12-26 23:04:28.050 [info] > git config --get commit.template [40ms]
2024-12-26 23:04:28.055 [info] > git for-each-ref --format=%(refname)%00%(upstream:short)%00%(objectname)%00%(upstream:track)%00%(upstream:remotename)%00%(upstream:remoteref) --ignore-case refs/heads/main refs/remotes/main [44ms]
2024-12-26 23:04:28.104 [info] > git for-each-ref --sort -committerdate --format %(refname) %(objectname) %(*objectname) [42ms]
2024-12-26 23:04:28.125 [info] > git status -z -uall [66ms]
2024-12-26 23:04:28.203 [info] > git config --get commit.template [68ms]
2024-12-26 23:04:28.211 [info] > git for-each-ref --format=%(refname)%00%(upstream:short)%00%(objectname)%00%(upstream:track)%00%(upstream:remotename)%00%(upstream:remoteref) --ignore-case refs/heads/main refs/remotes/main [71ms]
2024-12-26 23:04:28.260 [info] > git for-each-ref --sort -committerdate --format %(refname) %(objectname) %(*objectname) [42ms]
2024-12-26 23:04:28.282 [info] > git status -z -uall [68ms]
2024-12-26 23:04:34.475 [info] > git log --oneline --cherry main...main@{upstream} -- [45ms]
2024-12-26 23:04:35.620 [info] > git pull --tags origin main [1143ms]
2024-12-26 23:04:35.620 [info] From https://github.com/KazAyelCipriano/curso_github
 * branch            main       -> FETCH_HEAD
   bfcea22..77961ca  main       -> origin/main
warning: unable to rmdir 'git_rep_v1.1': Directory not empty
2024-12-26 23:04:35.669 [info] > git for-each-ref --format=%(refname)%00%(upstream:short)%00%(objectname)%00%(upstream:track)%00%(upstream:remotename)%00%(upstream:remoteref) --ignore-case refs/heads/main refs/remotes/main [45ms]
2024-12-26 23:04:35.722 [info] > git for-each-ref --sort -committerdate --format %(refname) %(objectname) %(*objectname) [46ms]
2024-12-26 23:04:35.724 [info] > git status -z -uall [50ms]
2024-12-26 23:04:35.778 [info] > git merge-base refs/heads/main refs/remotes/origin/main [49ms]
2024-12-26 23:04:35.829 [info] > git diff --name-status -z --diff-filter=ADMR bfcea22b1fa2895290d877710c1e986ca4ae9079...refs/remotes/origin/main [48ms]
2024-12-26 23:04:35.839 [info] > git log --format=%H%n%aN%n%aE%n%at%n%ct%n%P%n%D%n%B -z --shortstat --diff-merges=first-parent -n50 --skip=0 --topo-order --decorate=full --stdin [90ms]
2024-12-26 23:04:36.404 [info] > git check-ignore -v -z --stdin [41ms]
2024-12-26 23:04:36.408 [info] > git check-ignore -v -z --stdin [42ms]
2024-12-26 23:04:36.930 [info] > git config --get commit.template [45ms]
2024-12-26 23:04:36.933 [info] > git for-each-ref --format=%(refname)%00%(upstream:short)%00%(objectname)%00%(upstream:track)%00%(upstream:remotename)%00%(upstream:remoteref) --ignore-case refs/heads/main refs/remotes/main [45ms]
2024-12-26 23:04:36.939 [info] > git for-each-ref --format=%(refname)%00%(upstream:short)%00%(objectname)%00%(upstream:track)%00%(upstream:remotename)%00%(upstream:remoteref) --ignore-case refs/heads/main refs/remotes/main [49ms]
2024-12-26 23:04:36.983 [info] > git status -z -uall [48ms]
2024-12-26 23:04:36.987 [info] > git for-each-ref --sort -committerdate --format %(refname) %(objectname) %(*objectname) [49ms]
2024-12-26 23:04:36.995 [info] > git for-each-ref --sort -committerdate --format %(refname) %(objectname) %(*objectname) [48ms]
2024-12-26 23:04:36.997 [info] > git status -z -uall [54ms]
2024-12-26 23:04:43.912 [info] > git log --format=%H%n%aN%n%aE%n%at%n%ct%n%P%n%D%n%B -z --shortstat --diff-merges=first-parent -n50 --skip=0 --topo-order --decorate=full --stdin [90ms]
2024-12-26 23:04:46.930 [info] > git check-ignore -v -z --stdin [40ms]
2024-12-26 23:04:47.474 [info] > git show --textconv HEAD: [46ms]
2024-12-26 23:04:47.477 [info] > git ls-tree -l HEAD -- C:\Users\Pedro Cipriano\Desktop\GitHub\git_rep_v1.1 [45ms]
2024-12-26 23:04:47.985 [info] > git check-ignore -v -z --stdin [38ms]
2024-12-26 23:05:06.103 [info] > git ls-tree -l HEAD -- C:\Users\Pedro Cipriano\Desktop\GitHub\git_rep_v1.1 [42ms]
2024-12-26 23:05:08.352 [info] > git check-ignore -v -z --stdin [39ms]
2024-12-26 23:05:11.373 [info] > git log --format=%H%n%aN%n%aE%n%at%n%ct%n%P%n%D%n%B -z -n234 --follow -- c:\Users\Pedro Cipriano\Desktop\GitHub\git_rep_v1.1 [49ms]
2024-12-26 23:05:19.115 [info] > git for-each-ref --format=%(refname)%00%(upstream:short)%00%(objectname)%00%(upstream:track)%00%(upstream:remotename)%00%(upstream:remoteref) --ignore-case refs/heads/main refs/remotes/main [44ms]
2024-12-26 23:05:19.164 [info] > git for-each-ref --sort -committerdate --format %(refname) %(objectname) %(*objectname) [43ms]
2024-12-26 23:05:19.166 [info] > git status -z -uall [48ms]
2024-12-26 23:05:19.660 [info] > git check-ignore -v -z --stdin [38ms]
2024-12-26 23:05:23.283 [info] > git ls-tree -l HEAD -- C:\Users\Pedro Cipriano\Desktop\GitHub\git_rep_v1.1 [45ms]
2024-12-26 23:05:26.792 [info] > git ls-tree -l HEAD -- C:\Users\Pedro Cipriano\Desktop\GitHub\git_rep_v1.1 [49ms]
2024-12-26 23:05:30.153 [info] > git ls-tree -l HEAD -- C:\Users\Pedro Cipriano\Desktop\GitHub\git_rep_v1.1 [46ms]
2024-12-26 23:05:31.409 [warning] [Git][getHEAD] Failed to parse HEAD file: ENOENT: no such file or directory, open 'c:\Users\Pedro Cipriano\Desktop\GitHub\git_rep_v1.1\.git\HEAD'
2024-12-26 23:05:31.410 [warning] [Git][getRemotes] Error: ENOENT: no such file or directory, open 'c:\Users\Pedro Cipriano\Desktop\GitHub\git_rep_v1.1\.git\config'
2024-12-26 23:05:31.414 [warning] [Git][getRemotes] Error: ENOENT: no such file or directory, open 'c:\Users\Pedro Cipriano\Desktop\GitHub\git_rep_v1.1\.git\config'
2024-12-26 23:05:31.415 [warning] [Git][getHEAD] Failed to parse HEAD file: ENOENT: no such file or directory, open 'c:\Users\Pedro Cipriano\Desktop\GitHub\git_rep_v1.1\.git\HEAD'
2024-12-26 23:05:31.465 [info] > git for-each-ref --format=%(refname)%00%(upstream:short)%00%(objectname)%00%(upstream:track)%00%(upstream:remotename)%00%(upstream:remoteref) --ignore-case refs/heads/main refs/remotes/main [44ms]
2024-12-26 23:05:31.512 [info] > git for-each-ref --sort -committerdate --format %(refname) %(objectname) %(*objectname) [41ms]
2024-12-26 23:05:31.514 [info] > git status -z -uall [46ms]
2024-12-26 23:05:32.064 [info] > git check-ignore -v -z --stdin [39ms]
2024-12-26 23:05:33.639 [info] > git log --format=%H%n%aN%n%aE%n%at%n%ct%n%P%n%D%n%B -z --shortstat --diff-merges=first-parent -n50 --skip=0 --topo-order --decorate=full --stdin [96ms]
2024-12-26 23:05:34.163 [info] > git check-ignore -v -z --stdin [40ms]
2024-12-26 23:05:38.513 [info] > git -c user.useConfigOnly=true commit --quiet --allow-empty-message --file - [42ms]
2024-12-26 23:05:38.513 [info] error: Committing is not possible because you have unmerged files.
hint: Fix them up in the work tree, and then use 'git add/rm <file>'
hint: as appropriate to mark resolution and make a commit.
fatal: Exiting because of an unresolved conflict.
2024-12-26 23:05:38.558 [info] > git for-each-ref --format=%(refname)%00%(upstream:short)%00%(objectname)%00%(upstream:track)%00%(upstream:remotename)%00%(upstream:remoteref) --ignore-case refs/heads/main refs/remotes/main [42ms]
2024-12-26 23:05:38.606 [info] > git status -z -uall [45ms]
2024-12-26 23:05:38.607 [info] > git for-each-ref --sort -committerdate --format %(refname) %(objectname) %(*objectname) [43ms]
2024-12-26 23:05:40.502 [info] > git ls-tree -l HEAD -- C:\Users\Pedro Cipriano\Desktop\GitHub\git_rep_v1.1 [43ms]
2024-12-26 23:05:40.551 [info] > git show --textconv HEAD:git_rep_v1.1 [44ms]
2024-12-26 23:05:40.605 [info] > git blame --root --incremental 851c487e10e077591609e009ee6a937acb86f9c7 -- C:\Users\Pedro Cipriano\Desktop\GitHub\git_rep_v1.1 [44ms]
2024-12-26 23:05:40.605 [info] fatal: no such path git_rep_v1.1 in 851c487e10e077591609e009ee6a937acb86f9c7
2024-12-26 23:05:55.986 [info] > git for-each-ref --format=%(refname)%00%(upstream:short)%00%(objectname)%00%(upstream:track)%00%(upstream:remotename)%00%(upstream:remoteref) --ignore-case refs/heads/main refs/remotes/main [45ms]
2024-12-26 23:05:56.035 [info] > git status -z -uall [45ms]
2024-12-26 23:05:56.039 [info] > git for-each-ref --sort -committerdate --format %(refname) %(objectname) %(*objectname) [47ms]
2024-12-26 23:05:56.080 [info] > git ls-tree -l HEAD -- C:\Users\Pedro Cipriano\Desktop\GitHub\git_rep_v1.1 [41ms]
2024-12-26 23:05:56.081 [info] > git show --textconv HEAD:git_rep_v1.1 [47ms]
2024-12-26 23:05:59.139 [info] > git ls-tree -l HEAD -- C:\Users\Pedro Cipriano\Desktop\GitHub\git_rep_v1.1 [41ms]
2024-12-26 23:05:59.140 [info] > git show --textconv HEAD:git_rep_v1.1 [45ms]
2024-12-26 23:06:01.101 [info] > git for-each-ref --format=%(refname)%00%(upstream:short)%00%(objectname)%00%(upstream:track)%00%(upstream:remotename)%00%(upstream:remoteref) --ignore-case refs/heads/main refs/remotes/main [44ms]
2024-12-26 23:06:01.145 [info] > git status -z -uall [42ms]
2024-12-26 23:06:01.148 [info] > git for-each-ref --sort -committerdate --format %(refname) %(objectname) %(*objectname) [41ms]
2024-12-26 23:06:03.800 [info] > git log --format=%H%n%aN%n%aE%n%at%n%ct%n%P%n%D%n%B -z --shortstat --diff-merges=first-parent -n50 --skip=0 --topo-order --decorate=full --stdin [89ms]
2024-12-26 23:06:04.297 [info] > git check-ignore -v -z --stdin [40ms]
2024-12-26 23:06:05.042 [info] > git -c user.useConfigOnly=true commit --quiet --allow-empty-message --file - [89ms]
2024-12-26 23:06:05.084 [info] > git config --get commit.template [38ms]
2024-12-26 23:06:05.131 [info] > git config --get commit.template [43ms]
2024-12-26 23:06:05.136 [info] > git for-each-ref --format=%(refname)%00%(upstream:short)%00%(objectname)%00%(upstream:track)%00%(upstream:remotename)%00%(upstream:remoteref) --ignore-case refs/heads/main refs/remotes/main [44ms]
2024-12-26 23:06:05.184 [info] > git status -z -uall [45ms]
2024-12-26 23:06:05.186 [info] > git for-each-ref --sort -committerdate --format %(refname) %(objectname) %(*objectname) [42ms]
2024-12-26 23:06:05.245 [info] > git blame --root --incremental c9c03e29481a4aecb43234b45c015bd6bf91f828 -- C:\Users\Pedro Cipriano\Desktop\GitHub\git_rep_v1.1 [53ms]
2024-12-26 23:06:05.245 [info] fatal: no such path git_rep_v1.1 in c9c03e29481a4aecb43234b45c015bd6bf91f828
2024-12-26 23:06:05.249 [info] > git merge-base refs/heads/main refs/remotes/origin/main [53ms]
2024-12-26 23:06:05.269 [info] > git config --get commit.template [52ms]
2024-12-26 23:06:05.274 [info] > git for-each-ref --format=%(refname)%00%(upstream:short)%00%(objectname)%00%(upstream:track)%00%(upstream:remotename)%00%(upstream:remoteref) --ignore-case refs/heads/main refs/remotes/main [54ms]
2024-12-26 23:06:05.301 [info] > git diff --name-status -z --diff-filter=ADMR 77961ca49009797114b0d10db7399602d95e2987...refs/remotes/origin/main [48ms]
2024-12-26 23:06:05.314 [info] > git log --format=%H%n%aN%n%aE%n%at%n%ct%n%P%n%D%n%B -z --shortstat --diff-merges=first-parent -n50 --skip=0 --topo-order --decorate=full --stdin [103ms]
2024-12-26 23:06:05.327 [info] > git status -z -uall [50ms]
2024-12-26 23:06:05.329 [info] > git for-each-ref --sort -committerdate --format %(refname) %(objectname) %(*objectname) [48ms]
2024-12-26 23:06:06.385 [info] > git show --textconv HEAD:git_rep_v1.1 [44ms]
2024-12-26 23:06:06.392 [info] > git ls-tree -l HEAD -- C:\Users\Pedro Cipriano\Desktop\GitHub\git_rep_v1.1 [46ms]
2024-12-26 23:06:06.634 [info] > git log --oneline --cherry main...main@{upstream} -- [43ms]
2024-12-26 23:06:07.491 [info] > git pull --tags origin main [854ms]
2024-12-26 23:06:07.491 [info] From https://github.com/KazAyelCipriano/curso_github
 * branch            main       -> FETCH_HEAD
2024-12-26 23:06:08.814 [info] > git ls-tree -l HEAD -- C:\Users\Pedro Cipriano\Desktop\GitHub\git_rep_v1.1 [42ms]
2024-12-26 23:06:08.859 [info] > git show --textconv HEAD:git_rep_v1.1 [41ms]
2024-12-26 23:06:09.319 [info] > git push origin main:main [1825ms]
2024-12-26 23:06:09.319 [info] To https://github.com/KazAyelCipriano/curso_github.git
   77961ca..c9c03e2  main -> main
2024-12-26 23:06:09.363 [info] > git config --get commit.template [40ms]
2024-12-26 23:06:09.368 [info] > git for-each-ref --format=%(refname)%00%(upstream:short)%00%(objectname)%00%(upstream:track)%00%(upstream:remotename)%00%(upstream:remoteref) --ignore-case refs/heads/main refs/remotes/main [43ms]
2024-12-26 23:06:09.414 [info] > git status -z -uall [41ms]
2024-12-26 23:06:09.418 [info] > git for-each-ref --sort -committerdate --format %(refname) %(objectname) %(*objectname) [43ms]
2024-12-26 23:06:09.470 [info] > git merge-base refs/heads/main refs/remotes/origin/main [47ms]
2024-12-26 23:06:09.475 [info] > git config --get commit.template [46ms]
2024-12-26 23:06:09.485 [info] > git for-each-ref --format=%(refname)%00%(upstream:short)%00%(objectname)%00%(upstream:track)%00%(upstream:remotename)%00%(upstream:remoteref) --ignore-case refs/heads/main refs/remotes/main [50ms]
2024-12-26 23:06:09.523 [info] > git diff --name-status -z --diff-filter=ADMR c9c03e29481a4aecb43234b45c015bd6bf91f828...refs/remotes/origin/main [49ms]
2024-12-26 23:06:09.530 [info] > git log --format=%H%n%aN%n%aE%n%at%n%ct%n%P%n%D%n%B -z --shortstat --diff-merges=first-parent -n50 --skip=0 --topo-order --decorate=full --stdin [98ms]
2024-12-26 23:06:09.536 [info] > git status -z -uall [48ms]
2024-12-26 23:06:09.538 [info] > git for-each-ref --sort -committerdate --format %(refname) %(objectname) %(*objectname) [46ms]
2024-12-26 23:06:10.531 [info] > git ls-tree -l HEAD -- C:\Users\Pedro Cipriano\Desktop\GitHub\git_rep_v1.1 [39ms]
2024-12-26 23:06:10.573 [info] > git show --textconv HEAD:git_rep_v1.1 [39ms]
2024-12-26 23:06:17.495 [info] > git config --get commit.template [42ms]
2024-12-26 23:06:17.496 [info] > git ls-tree -l HEAD -- C:\Users\Pedro Cipriano\Desktop\GitHub\git_rep_v1.1 [46ms]
2024-12-26 23:06:17.503 [info] > git for-each-ref --format=%(refname)%00%(upstream:short)%00%(objectname)%00%(upstream:track)%00%(upstream:remotename)%00%(upstream:remoteref) --ignore-case refs/heads/main refs/remotes/main [46ms]
2024-12-26 23:06:17.551 [info] > git status -z -uall [45ms]
2024-12-26 23:06:17.553 [info] > git for-each-ref --sort -committerdate --format %(refname) %(objectname) %(*objectname) [44ms]
2024-12-26 23:06:23.117 [info] > git check-ignore -v -z --stdin [41ms]
2024-12-26 23:07:38.066 [info] > git ls-tree -l HEAD -- C:\Users\Pedro Cipriano\Desktop\GitHub\git_rep_v1.1 [43ms]
2024-12-26 23:07:42.614 [info] > git ls-tree -l HEAD -- C:\Users\Pedro Cipriano\Desktop\GitHub\git_rep_v1.1 [44ms]
2024-12-26 23:10:25.681 [info] > git ls-tree -l HEAD -- C:\Users\Pedro Cipriano\Desktop\GitHub\git_rep_v1.1 [36ms]
2024-12-26 23:10:33.504 [info] > git ls-tree -l HEAD -- C:\Users\Pedro Cipriano\Desktop\GitHub\git_rep_v1.1 [44ms]
2024-12-26 23:10:56.487 [info] > git config --get commit.template [41ms]
2024-12-26 23:10:56.489 [info] > git ls-tree -l HEAD -- C:\Users\Pedro Cipriano\Desktop\GitHub\git_rep_v1.1 [45ms]
2024-12-26 23:10:56.494 [info] > git for-each-ref --format=%(refname)%00%(upstream:short)%00%(objectname)%00%(upstream:track)%00%(upstream:remotename)%00%(upstream:remoteref) --ignore-case refs/heads/main refs/remotes/main [42ms]
2024-12-26 23:10:56.532 [info] > git for-each-ref --sort -committerdate --format %(refname) %(objectname) %(*objectname) [33ms]
2024-12-26 23:10:56.533 [info] > git status -z -uall [37ms]
2024-12-26 23:10:59.592 [info] > git check-ignore -v -z --stdin [32ms]
2024-12-26 23:11:01.584 [info] > git config --get commit.template [35ms]
2024-12-26 23:11:01.587 [info] > git for-each-ref --format=%(refname)%00%(upstream:short)%00%(objectname)%00%(upstream:track)%00%(upstream:remotename)%00%(upstream:remoteref) --ignore-case refs/heads/main refs/remotes/main [36ms]
2024-12-26 23:11:01.639 [info] > git for-each-ref --sort -committerdate --format %(refname) %(objectname) %(*objectname) [47ms]
2024-12-26 23:11:01.640 [info] > git status -z -uall [51ms]
2024-12-26 23:11:09.600 [info] > git log --format=%H%n%aN%n%aE%n%at%n%ct%n%P%n%D%n%B -z -n234 --follow -- c:\Users\Pedro Cipriano\Desktop\GitHub\git_rep_v1.0\pull_clone\pull.html [83ms]
2024-12-26 23:11:09.772 [info] > git ls-files --stage -- C:\Users\Pedro Cipriano\Desktop\GitHub\git_rep_v1.0\pull_clone\pull.html [36ms]
2024-12-26 23:11:09.775 [info] > git show --textconv :git_rep_v1.0/pull_clone/pull.html [43ms]
2024-12-26 23:11:09.811 [info] > git cat-file -s 1157a23a3fca79ee8af063dc796998df1911d028 [36ms]
2024-12-26 23:11:14.740 [info] > git log --format=%H%n%aN%n%aE%n%at%n%ct%n%P%n%D%n%B -z -n234 --follow -- c:\Users\Pedro Cipriano\Desktop\GitHub\README.md [104ms]
2024-12-26 23:11:14.980 [info] > git show --textconv :README.md [99ms]
2024-12-26 23:11:14.981 [info] > git ls-files --stage -- C:\Users\Pedro Cipriano\Desktop\GitHub\README.md [96ms]
2024-12-26 23:11:15.026 [info] > git cat-file -s b4454174f3d4cb2223cacbb438feffc342e6a120 [41ms]
2024-12-26 23:11:15.086 [info] > git blame --root --incremental c9c03e29481a4aecb43234b45c015bd6bf91f828 -- C:\Users\Pedro Cipriano\Desktop\GitHub\README.md [43ms]
2024-12-26 23:11:18.001 [info] > git config --get commit.template [31ms]
2024-12-26 23:11:18.003 [info] > git for-each-ref --format=%(refname)%00%(upstream:short)%00%(objectname)%00%(upstream:track)%00%(upstream:remotename)%00%(upstream:remoteref) --ignore-case refs/heads/main refs/remotes/main [31ms]
2024-12-26 23:11:18.039 [info] > git for-each-ref --sort -committerdate --format %(refname) %(objectname) %(*objectname) [32ms]
2024-12-26 23:11:18.039 [info] > git status -z -uall [34ms]
2024-12-26 23:11:23.085 [info] > git config --get commit.template [31ms]
2024-12-26 23:11:23.087 [info] > git for-each-ref --format=%(refname)%00%(upstream:short)%00%(objectname)%00%(upstream:track)%00%(upstream:remotename)%00%(upstream:remoteref) --ignore-case refs/heads/main refs/remotes/main [31ms]
2024-12-26 23:11:23.123 [info] > git status -z -uall [32ms]
2024-12-26 23:11:23.123 [info] > git for-each-ref --sort -committerdate --format %(refname) %(objectname) %(*objectname) [30ms]
2024-12-26 23:11:25.231 [info] > git log --format=%H%n%aN%n%aE%n%at%n%ct%n%P%n%D%n%B -z --shortstat --diff-merges=first-parent -n50 --skip=0 --topo-order --decorate=full --stdin [79ms]
2024-12-26 23:11:27.478 [info] > git diff-tree -r --name-status -z --diff-filter=ADMR 993aeb1c6b5a6241b5b850af9863f5276c4cd9a6 d6330aacb357dca39d1244452f49e91ac26470c8 [32ms]
2024-12-26 23:11:27.545 [info] > git show --textconv 993aeb1c6b5a6241b5b850af9863f5276c4cd9a6:log/log.txt [50ms]
2024-12-26 23:11:27.547 [info] > git show --textconv d6330aacb357dca39d1244452f49e91ac26470c8:log/log.txt [49ms]
2024-12-26 23:11:27.552 [info] > git show --textconv 993aeb1c6b5a6241b5b850af9863f5276c4cd9a6:log/log_creation.png [50ms]
2024-12-26 23:11:27.556 [info] > git show --textconv d6330aacb357dca39d1244452f49e91ac26470c8:log/log_creation.png [50ms]
2024-12-26 23:11:27.561 [info] > git show --textconv 993aeb1c6b5a6241b5b850af9863f5276c4cd9a6:mintty.2024-12-18_02-03-52.png [51ms]
2024-12-26 23:11:27.571 [info] > git show --textconv d6330aacb357dca39d1244452f49e91ac26470c8:mintty.2024-12-18_02-03-52.png [56ms]
2024-12-26 23:11:27.573 [info] > git ls-tree -l 993aeb1c6b5a6241b5b850af9863f5276c4cd9a6 -- C:\Users\Pedro Cipriano\Desktop\GitHub\log\log.txt [54ms]
2024-12-26 23:11:27.583 [info] > git ls-tree -l d6330aacb357dca39d1244452f49e91ac26470c8 -- C:\Users\Pedro Cipriano\Desktop\GitHub\log\log.txt [59ms]
2024-12-26 23:11:27.584 [info] > git ls-tree -l 993aeb1c6b5a6241b5b850af9863f5276c4cd9a6 -- C:\Users\Pedro Cipriano\Desktop\GitHub\log\log_creation.png [57ms]
2024-12-26 23:11:27.589 [info] > git ls-tree -l d6330aacb357dca39d1244452f49e91ac26470c8 -- C:\Users\Pedro Cipriano\Desktop\GitHub\log\log_creation.png [56ms]
2024-12-26 23:11:27.591 [info] > git ls-tree -l 993aeb1c6b5a6241b5b850af9863f5276c4cd9a6 -- C:\Users\Pedro Cipriano\Desktop\GitHub\mintty.2024-12-18_02-03-52.png [53ms]
2024-12-26 23:11:27.592 [info] > git ls-tree -l d6330aacb357dca39d1244452f49e91ac26470c8 -- C:\Users\Pedro Cipriano\Desktop\GitHub\mintty.2024-12-18_02-03-52.png [50ms]
2024-12-26 23:11:28.093 [info] > git check-ignore -v -z --stdin [31ms]
2024-12-26 23:11:39.135 [info] > git diff-tree -r --name-status -z --diff-filter=ADMR da7d0ab66b53a400b5fe3de0fbe1ce946e0f4132 851c487e10e077591609e009ee6a937acb86f9c7 [33ms]
2024-12-26 23:11:39.189 [info] > git ls-tree -l da7d0ab66b53a400b5fe3de0fbe1ce946e0f4132 -- C:\Users\Pedro Cipriano\Desktop\GitHub\git_rep_v1.1 [38ms]
2024-12-26 23:11:39.190 [info] > git show --textconv 851c487e10e077591609e009ee6a937acb86f9c7:git_rep_v1.1 [42ms]
2024-12-26 23:11:39.192 [info] > git ls-tree -l 851c487e10e077591609e009ee6a937acb86f9c7 -- C:\Users\Pedro Cipriano\Desktop\GitHub\git_rep_v1.1 [37ms]
2024-12-26 23:11:39.500 [info] > git show --textconv da7d0ab66b53a400b5fe3de0fbe1ce946e0f4132:git_rep_v1.1 [355ms]
2024-12-26 23:11:39.700 [info] > git check-ignore -v -z --stdin [30ms]
2024-12-26 23:11:48.736 [info] > git diff-tree -r --name-status -z --diff-filter=ADMR bc17ddcdca66ce63a22a222c069dcf2db226a92f f3e90e3dc6a944ae12c520dd2a90620a16a550bc [33ms]
2024-12-26 23:11:48.853 [info] > git show --textconv bc17ddcdca66ce63a22a222c069dcf2db226a92f:log/log.txt [90ms]
2024-12-26 23:11:48.853 [info] > git show --textconv f3e90e3dc6a944ae12c520dd2a90620a16a550bc:log/log.txt [86ms]
2024-12-26 23:11:48.853 [info] > git show --textconv f3e90e3dc6a944ae12c520dd2a90620a16a550bc:log/log_branches [77ms]
2024-12-26 23:11:48.853 [info] > git show --textconv bc17ddcdca66ce63a22a222c069dcf2db226a92f:log/log_commits.txt [73ms]
2024-12-26 23:11:48.854 [info] > git show --textconv bc17ddcdca66ce63a22a222c069dcf2db226a92f:log/log_branches [81ms]
2024-12-26 23:11:48.854 [info] > git show --textconv f3e90e3dc6a944ae12c520dd2a90620a16a550bc:log/log_commits.txt [69ms]
2024-12-26 23:11:48.854 [info] > git show --textconv bc17ddcdca66ce63a22a222c069dcf2db226a92f:log/log_vscode_terminal.txt [65ms]
2024-12-26 23:11:48.863 [info] > git show --textconv bc17ddcdca66ce63a22a222c069dcf2db226a92f:log/vscode_terminal_log.txt [65ms]
2024-12-26 23:11:48.863 [info] > git show --textconv f3e90e3dc6a944ae12c520dd2a90620a16a550bc:log/log_vscode_terminal.txt [71ms]
2024-12-26 23:11:48.879 [info] > git show --textconv f3e90e3dc6a944ae12c520dd2a90620a16a550bc:log/vscode_terminal_log.txt [76ms]
2024-12-26 23:11:48.887 [info] > git ls-tree -l f3e90e3dc6a944ae12c520dd2a90620a16a550bc -- C:\Users\Pedro Cipriano\Desktop\GitHub\log\log.txt [75ms]
2024-12-26 23:11:48.892 [info] > git ls-tree -l bc17ddcdca66ce63a22a222c069dcf2db226a92f -- C:\Users\Pedro Cipriano\Desktop\GitHub\log\log_branches [76ms]
2024-12-26 23:11:48.894 [info] > git ls-tree -l bc17ddcdca66ce63a22a222c069dcf2db226a92f -- C:\Users\Pedro Cipriano\Desktop\GitHub\log\log.txt [87ms]
2024-12-26 23:11:48.906 [info] > git ls-tree -l f3e90e3dc6a944ae12c520dd2a90620a16a550bc -- C:\Users\Pedro Cipriano\Desktop\GitHub\log\log_commits.txt [75ms]
2024-12-26 23:11:48.907 [info] > git ls-tree -l bc17ddcdca66ce63a22a222c069dcf2db226a92f -- C:\Users\Pedro Cipriano\Desktop\GitHub\log\log_commits.txt [80ms]
2024-12-26 23:11:48.908 [info] > git ls-tree -l f3e90e3dc6a944ae12c520dd2a90620a16a550bc -- C:\Users\Pedro Cipriano\Desktop\GitHub\log\log_branches [86ms]
2024-12-26 23:11:48.911 [info] > git ls-tree -l bc17ddcdca66ce63a22a222c069dcf2db226a92f -- C:\Users\Pedro Cipriano\Desktop\GitHub\log\log_vscode_terminal.txt [75ms]
2024-12-26 23:11:48.916 [info] > git ls-tree -l bc17ddcdca66ce63a22a222c069dcf2db226a92f -- C:\Users\Pedro Cipriano\Desktop\GitHub\log\vscode_terminal_log.txt [69ms]
2024-12-26 23:11:48.919 [info] > git ls-tree -l f3e90e3dc6a944ae12c520dd2a90620a16a550bc -- C:\Users\Pedro Cipriano\Desktop\GitHub\log\vscode_terminal_log.txt [67ms]
2024-12-26 23:11:48.922 [info] > git ls-tree -l f3e90e3dc6a944ae12c520dd2a90620a16a550bc -- C:\Users\Pedro Cipriano\Desktop\GitHub\log\log_vscode_terminal.txt [80ms]
2024-12-26 23:11:49.400 [info] > git check-ignore -v -z --stdin [31ms]
2024-12-26 23:12:08.282 [info] > git checkout -q -b github_v1.1 --no-track f3e90e3dc6a944ae12c520dd2a90620a16a550bc [58ms]
2024-12-26 23:12:08.320 [info] > git config --get commit.template [34ms]
2024-12-26 23:12:08.325 [info] > git for-each-ref --format=%(refname)%00%(upstream:short)%00%(objectname)%00%(upstream:track)%00%(upstream:remotename)%00%(upstream:remoteref) --ignore-case refs/heads/github_v1.1 refs/remotes/github_v1.1 [32ms]
2024-12-26 23:12:08.363 [info] > git for-each-ref --sort -committerdate --format %(refname) %(objectname) %(*objectname) [34ms]
2024-12-26 23:12:08.366 [info] > git status -z -uall [39ms]
2024-12-26 23:12:08.403 [info] > git for-each-ref --format=%(refname)%00%(upstream:short)%00%(objectname)%00%(upstream:track)%00%(upstream:remotename)%00%(upstream:remoteref) --ignore-case refs/heads/github_v1.1 refs/remotes/github_v1.1 [33ms]
2024-12-26 23:12:08.438 [info] > git config --local branch.github_v1.1.vscode-merge-base [31ms]
2024-12-26 23:12:08.438 [warning] [Git][config] git config failed: Failed to execute git
2024-12-26 23:12:08.473 [info] > git reflog github_v1.1 --grep-reflog=branch: Created from *. [32ms]
2024-12-26 23:12:08.510 [info] > git for-each-ref --format=%(refname)%00%(upstream:short)%00%(objectname)%00%(upstream:track)%00%(upstream:remotename)%00%(upstream:remoteref) --ignore-case refs/heads/f3e90e3dc6a944ae12c520dd2a90620a16a550bc refs/remotes/f3e90e3dc6a944ae12c520dd2a90620a16a550bc [33ms]
2024-12-26 23:12:08.510 [warning] [Git][getBranch] No such branch: f3e90e3dc6a944ae12c520dd2a90620a16a550bc
2024-12-26 23:12:08.543 [info] > git symbolic-ref --short refs/remotes/origin/HEAD [30ms]
2024-12-26 23:12:08.543 [info] fatal: ref refs/remotes/origin/HEAD is not a symbolic ref
2024-12-26 23:12:08.543 [warning] [Repository][getDefaultBranch] Failed to get default branch details: Failed to execute git.
2024-12-26 23:12:08.603 [info] > git log --format=%H%n%aN%n%aE%n%at%n%ct%n%P%n%D%n%B -z --shortstat --diff-merges=first-parent -n50 --skip=0 --topo-order --decorate=full --stdin [56ms]
2024-12-26 23:12:09.539 [info] > git config --get commit.template [32ms]
2024-12-26 23:12:09.541 [info] > git for-each-ref --format=%(refname)%00%(upstream:short)%00%(objectname)%00%(upstream:track)%00%(upstream:remotename)%00%(upstream:remoteref) --ignore-case refs/heads/github_v1.1 refs/remotes/github_v1.1 [31ms]
2024-12-26 23:12:09.581 [info] > git for-each-ref --sort -committerdate --format %(refname) %(objectname) %(*objectname) [35ms]
2024-12-26 23:12:09.586 [info] > git status -z -uall [43ms]
2024-12-26 23:12:09.654 [info] > git ls-tree -l 993aeb1c6b5a6241b5b850af9863f5276c4cd9a6 -- C:\Users\Pedro Cipriano\Desktop\GitHub\log\log_creation.png [52ms]
2024-12-26 23:12:09.669 [info] > git ls-tree -l bc17ddcdca66ce63a22a222c069dcf2db226a92f -- C:\Users\Pedro Cipriano\Desktop\GitHub\log\log.txt [61ms]
2024-12-26 23:12:09.670 [info] > git ls-tree -l d6330aacb357dca39d1244452f49e91ac26470c8 -- C:\Users\Pedro Cipriano\Desktop\GitHub\mintty.2024-12-18_02-03-52.png [66ms]
2024-12-26 23:12:09.679 [info] > git ls-tree -l f3e90e3dc6a944ae12c520dd2a90620a16a550bc -- C:\Users\Pedro Cipriano\Desktop\GitHub\log\log.txt [68ms]
2024-12-26 23:12:09.685 [info] > git ls-tree -l f3e90e3dc6a944ae12c520dd2a90620a16a550bc -- C:\Users\Pedro Cipriano\Desktop\GitHub\log\log_branches [67ms]
2024-12-26 23:12:09.691 [info] > git ls-tree -l bc17ddcdca66ce63a22a222c069dcf2db226a92f -- C:\Users\Pedro Cipriano\Desktop\GitHub\log\log_branches [78ms]
2024-12-26 23:12:09.704 [info] > git ls-tree -l f3e90e3dc6a944ae12c520dd2a90620a16a550bc -- C:\Users\Pedro Cipriano\Desktop\GitHub\log\log_vscode_terminal.txt [71ms]
2024-12-26 23:12:09.705 [info] > git ls-tree -l bc17ddcdca66ce63a22a222c069dcf2db226a92f -- C:\Users\Pedro Cipriano\Desktop\GitHub\log\log_commits.txt [83ms]
2024-12-26 23:12:09.716 [info] > git ls-tree -l f3e90e3dc6a944ae12c520dd2a90620a16a550bc -- C:\Users\Pedro Cipriano\Desktop\GitHub\log\log_commits.txt [90ms]
2024-12-26 23:12:09.721 [info] > git ls-tree -l bc17ddcdca66ce63a22a222c069dcf2db226a92f -- C:\Users\Pedro Cipriano\Desktop\GitHub\log\log_vscode_terminal.txt [91ms]
2024-12-26 23:12:09.722 [info] > git ls-tree -l bc17ddcdca66ce63a22a222c069dcf2db226a92f -- C:\Users\Pedro Cipriano\Desktop\GitHub\log\vscode_terminal_log.txt [85ms]
2024-12-26 23:12:09.734 [info] > git ls-tree -l f3e90e3dc6a944ae12c520dd2a90620a16a550bc -- C:\Users\Pedro Cipriano\Desktop\GitHub\log\vscode_terminal_log.txt [93ms]
2024-12-26 23:12:09.750 [info] > git show --textconv 993aeb1c6b5a6241b5b850af9863f5276c4cd9a6:log/log_creation.png [91ms]
2024-12-26 23:12:09.768 [info] > git show --textconv f3e90e3dc6a944ae12c520dd2a90620a16a550bc:log/log.txt [83ms]
2024-12-26 23:12:09.769 [info] > git show --textconv bc17ddcdca66ce63a22a222c069dcf2db226a92f:log/log.txt [95ms]
2024-12-26 23:12:09.770 [info] > git show --textconv bc17ddcdca66ce63a22a222c069dcf2db226a92f:log/log_branches [73ms]
2024-12-26 23:12:09.772 [info] > git show --textconv d6330aacb357dca39d1244452f49e91ac26470c8:mintty.2024-12-18_02-03-52.png [94ms]
2024-12-26 23:12:09.775 [info] > git show --textconv f3e90e3dc6a944ae12c520dd2a90620a16a550bc:log/log_branches [86ms]
2024-12-26 23:12:09.779 [info] > git show --textconv f3e90e3dc6a944ae12c520dd2a90620a16a550bc:log/log_vscode_terminal.txt [70ms]
2024-12-26 23:12:09.787 [info] > git show --textconv f3e90e3dc6a944ae12c520dd2a90620a16a550bc:log/log_commits.txt [67ms]
2024-12-26 23:12:09.788 [info] > git show --textconv bc17ddcdca66ce63a22a222c069dcf2db226a92f:log/log_commits.txt [75ms]
2024-12-26 23:12:09.793 [info] > git show --textconv bc17ddcdca66ce63a22a222c069dcf2db226a92f:log/vscode_terminal_log.txt [63ms]
2024-12-26 23:12:09.793 [info] > git show --textconv bc17ddcdca66ce63a22a222c069dcf2db226a92f:log/log_vscode_terminal.txt [68ms]
2024-12-26 23:12:09.805 [info] > git show --textconv f3e90e3dc6a944ae12c520dd2a90620a16a550bc:log/vscode_terminal_log.txt [67ms]
2024-12-26 23:12:12.692 [info] > git check-ignore -v -z --stdin [31ms]
2024-12-26 23:12:14.630 [info] > git config --get commit.template [32ms]
2024-12-26 23:12:14.632 [info] > git for-each-ref --format=%(refname)%00%(upstream:short)%00%(objectname)%00%(upstream:track)%00%(upstream:remotename)%00%(upstream:remoteref) --ignore-case refs/heads/github_v1.1 refs/remotes/github_v1.1 [32ms]
2024-12-26 23:12:14.669 [info] > git for-each-ref --sort -committerdate --format %(refname) %(objectname) %(*objectname) [32ms]
2024-12-26 23:12:14.672 [info] > git status -z -uall [37ms]
2024-12-26 23:12:16.874 [info] > git log --format=%H%n%aN%n%aE%n%at%n%ct%n%P%n%D%n%B -z -n234 --follow -- c:\Users\Pedro Cipriano\Desktop\GitHub\git_rep_v1.0\log\log_branches [45ms]
2024-12-26 23:12:17.055 [info] > git show --textconv :git_rep_v1.0/log/log_branches [33ms]
2024-12-26 23:12:17.055 [info] > git ls-files --stage -- C:\Users\Pedro Cipriano\Desktop\GitHub\git_rep_v1.0\log\log_branches [32ms]
2024-12-26 23:12:17.093 [info] > git blame --root --incremental f3e90e3dc6a944ae12c520dd2a90620a16a550bc -- C:\Users\Pedro Cipriano\Desktop\GitHub\git_rep_v1.0\log\log_branches [32ms]
2024-12-26 23:12:17.093 [info] fatal: no such path git_rep_v1.0/log/log_branches in f3e90e3dc6a944ae12c520dd2a90620a16a550bc
2024-12-26 23:12:18.771 [info] > git log --format=%H%n%aN%n%aE%n%at%n%ct%n%P%n%D%n%B -z --shortstat --diff-merges=first-parent -n50 --skip=0 --topo-order --decorate=full --stdin [57ms]
2024-12-26 23:12:22.835 [info] > git push -u origin github_v1.1 [1660ms]
2024-12-26 23:12:22.835 [info] remote: 
remote: Create a pull request for 'github_v1.1' on GitHub by visiting:        
remote:      https://github.com/KazAyelCipriano/curso_github/pull/new/github_v1.1        
remote: 
To https://github.com/KazAyelCipriano/curso_github.git
 * [new branch]      github_v1.1 -> github_v1.1
2024-12-26 23:12:22.870 [info] > git config --get commit.template [32ms]
2024-12-26 23:12:22.872 [info] > git for-each-ref --format=%(refname)%00%(upstream:short)%00%(objectname)%00%(upstream:track)%00%(upstream:remotename)%00%(upstream:remoteref) --ignore-case refs/heads/github_v1.1 refs/remotes/github_v1.1 [33ms]
2024-12-26 23:12:22.910 [info] > git for-each-ref --sort -committerdate --format %(refname) %(objectname) %(*objectname) [32ms]
2024-12-26 23:12:22.915 [info] > git status -z -uall [39ms]
2024-12-26 23:12:22.953 [info] > git merge-base refs/heads/github_v1.1 refs/remotes/origin/github_v1.1 [33ms]
2024-12-26 23:12:22.985 [info] > git log --format=%H%n%aN%n%aE%n%at%n%ct%n%P%n%D%n%B -z --shortstat --diff-merges=first-parent -n50 --skip=0 --topo-order --decorate=full --stdin [60ms]
2024-12-26 23:12:22.989 [info] > git diff --name-status -z --diff-filter=ADMR f3e90e3dc6a944ae12c520dd2a90620a16a550bc...refs/remotes/origin/github_v1.1 [33ms]
2024-12-26 23:12:24.059 [info] > git ls-tree -l 993aeb1c6b5a6241b5b850af9863f5276c4cd9a6 -- C:\Users\Pedro Cipriano\Desktop\GitHub\log\log_creation.png [45ms]
2024-12-26 23:12:24.060 [info] > git ls-tree -l d6330aacb357dca39d1244452f49e91ac26470c8 -- C:\Users\Pedro Cipriano\Desktop\GitHub\mintty.2024-12-18_02-03-52.png [44ms]
2024-12-26 23:12:24.070 [info] > git ls-tree -l bc17ddcdca66ce63a22a222c069dcf2db226a92f -- C:\Users\Pedro Cipriano\Desktop\GitHub\log\log.txt [50ms]
2024-12-26 23:12:24.075 [info] > git ls-tree -l f3e90e3dc6a944ae12c520dd2a90620a16a550bc -- C:\Users\Pedro Cipriano\Desktop\GitHub\log\log.txt [52ms]
2024-12-26 23:12:24.081 [info] > git ls-tree -l f3e90e3dc6a944ae12c520dd2a90620a16a550bc -- C:\Users\Pedro Cipriano\Desktop\GitHub\log\log_branches [52ms]
2024-12-26 23:12:24.082 [info] > git ls-tree -l bc17ddcdca66ce63a22a222c069dcf2db226a92f -- C:\Users\Pedro Cipriano\Desktop\GitHub\log\log_branches [57ms]
2024-12-26 23:12:24.098 [info] > git ls-tree -l f3e90e3dc6a944ae12c520dd2a90620a16a550bc -- C:\Users\Pedro Cipriano\Desktop\GitHub\log\log_commits.txt [63ms]
2024-12-26 23:12:24.100 [info] > git ls-tree -l bc17ddcdca66ce63a22a222c069dcf2db226a92f -- C:\Users\Pedro Cipriano\Desktop\GitHub\log\log_commits.txt [67ms]
2024-12-26 23:12:24.114 [info] > git ls-tree -l bc17ddcdca66ce63a22a222c069dcf2db226a92f -- C:\Users\Pedro Cipriano\Desktop\GitHub\log\log_vscode_terminal.txt [75ms]
2024-12-26 23:12:24.119 [info] > git ls-tree -l bc17ddcdca66ce63a22a222c069dcf2db226a92f -- C:\Users\Pedro Cipriano\Desktop\GitHub\log\vscode_terminal_log.txt [71ms]
2024-12-26 23:12:24.127 [info] > git ls-tree -l f3e90e3dc6a944ae12c520dd2a90620a16a550bc -- C:\Users\Pedro Cipriano\Desktop\GitHub\log\log_vscode_terminal.txt [84ms]
2024-12-26 23:12:24.135 [info] > git show --textconv d6330aacb357dca39d1244452f49e91ac26470c8:mintty.2024-12-18_02-03-52.png [65ms]
2024-12-26 23:12:24.135 [info] > git ls-tree -l f3e90e3dc6a944ae12c520dd2a90620a16a550bc -- C:\Users\Pedro Cipriano\Desktop\GitHub\log\vscode_terminal_log.txt [84ms]
2024-12-26 23:12:24.145 [info] > git show --textconv 993aeb1c6b5a6241b5b850af9863f5276c4cd9a6:log/log_creation.png [80ms]
2024-12-26 23:12:24.149 [info] > git show --textconv bc17ddcdca66ce63a22a222c069dcf2db226a92f:log/log.txt [75ms]
2024-12-26 23:12:24.163 [info] > git show --textconv f3e90e3dc6a944ae12c520dd2a90620a16a550bc:log/log.txt [84ms]
2024-12-26 23:12:24.164 [info] > git show --textconv f3e90e3dc6a944ae12c520dd2a90620a16a550bc:log/log_branches [79ms]
2024-12-26 23:12:24.165 [info] > git show --textconv bc17ddcdca66ce63a22a222c069dcf2db226a92f:log/log_branches [74ms]
2024-12-26 23:12:24.175 [info] > git show --textconv f3e90e3dc6a944ae12c520dd2a90620a16a550bc:log/log_commits.txt [68ms]
2024-12-26 23:12:24.183 [info] > git show --textconv bc17ddcdca66ce63a22a222c069dcf2db226a92f:log/log_commits.txt [68ms]
2024-12-26 23:12:24.185 [info] > git show --textconv bc17ddcdca66ce63a22a222c069dcf2db226a92f:log/log_vscode_terminal.txt [61ms]
2024-12-26 23:12:24.191 [info] > git show --textconv bc17ddcdca66ce63a22a222c069dcf2db226a92f:log/vscode_terminal_log.txt [57ms]
2024-12-26 23:12:24.192 [info] > git show --textconv f3e90e3dc6a944ae12c520dd2a90620a16a550bc:log/log_vscode_terminal.txt [52ms]
2024-12-26 23:12:24.195 [info] > git show --textconv f3e90e3dc6a944ae12c520dd2a90620a16a550bc:log/vscode_terminal_log.txt [51ms]
2024-12-26 23:12:25.060 [info] > git config --get commit.template [40ms]
2024-12-26 23:12:25.062 [info] > git for-each-ref --format=%(refname)%00%(upstream:short)%00%(objectname)%00%(upstream:track)%00%(upstream:remotename)%00%(upstream:remoteref) --ignore-case refs/heads/github_v1.1 refs/remotes/github_v1.1 [39ms]
2024-12-26 23:12:25.101 [info] > git for-each-ref --sort -committerdate --format %(refname) %(objectname) %(*objectname) [34ms]
2024-12-26 23:12:25.106 [info] > git status -z -uall [42ms]
2024-12-26 23:12:26.582 [info] > git check-ignore -v -z --stdin [36ms]
2024-12-26 23:12:27.224 [info] > git check-ignore -v -z --stdin [31ms]
2024-12-26 23:12:29.854 [info] > git log --format=%H%n%aN%n%aE%n%at%n%ct%n%P%n%D%n%B -z -n234 --follow -- c:\Users\Pedro Cipriano\Desktop\GitHub\git_rep_v1.0\Slides_Curso_Git_GitHub.pdf [51ms]
2024-12-26 23:12:32.340 [info] > git log --format=%H%n%aN%n%aE%n%at%n%ct%n%P%n%D%n%B -z -n234 --follow -- c:\Users\Pedro Cipriano\Desktop\GitHub\git_rep_v1.0\index.html [44ms]
2024-12-26 23:12:32.516 [info] > git show --textconv :git_rep_v1.0/index.html [33ms]
2024-12-26 23:12:32.517 [info] > git ls-files --stage -- C:\Users\Pedro Cipriano\Desktop\GitHub\git_rep_v1.0\index.html [31ms]
2024-12-26 23:12:32.550 [info] > git cat-file -s 03255aac1e76a3be0700fd6a0ab21f887ec1b370 [31ms]
2024-12-26 23:12:34.090 [info] > git log --format=%H%n%aN%n%aE%n%at%n%ct%n%P%n%D%n%B -z -n234 --follow -- c:\Users\Pedro Cipriano\Desktop\GitHub\git_rep_v1.0\desktop.ini [41ms]
2024-12-26 23:12:34.282 [info] > git show --textconv :git_rep_v1.0/desktop.ini [35ms]
2024-12-26 23:12:34.283 [info] > git ls-files --stage -- C:\Users\Pedro Cipriano\Desktop\GitHub\git_rep_v1.0\desktop.ini [31ms]
2024-12-26 23:12:34.316 [info] > git cat-file -s 0812beb17988747bde028246525391f954d831ff [31ms]
2024-12-26 23:12:43.089 [info] > git log --format=%H%n%aN%n%aE%n%at%n%ct%n%P%n%D%n%B -z -n234 --follow -- c:\Users\Pedro Cipriano\Desktop\GitHub\git_rep_v1.0\Slides_Curso_Git_GitHub.pdf [40ms]
2024-12-26 23:12:43.832 [info] > git log --format=%H%n%aN%n%aE%n%at%n%ct%n%P%n%D%n%B -z -n234 --follow -- c:\Users\Pedro Cipriano\Desktop\GitHub\git_rep_v1.0\index.html [49ms]
2024-12-26 23:12:44.016 [info] > git ls-files --stage -- C:\Users\Pedro Cipriano\Desktop\GitHub\git_rep_v1.0\index.html [31ms]
2024-12-26 23:12:44.018 [info] > git show --textconv :git_rep_v1.0/index.html [35ms]
2024-12-26 23:12:44.049 [info] > git cat-file -s 03255aac1e76a3be0700fd6a0ab21f887ec1b370 [31ms]
2024-12-26 23:12:44.591 [info] > git log --format=%H%n%aN%n%aE%n%at%n%ct%n%P%n%D%n%B -z -n234 --follow -- c:\Users\Pedro Cipriano\Desktop\GitHub\git_rep_v1.0\desktop.ini [41ms]
2024-12-26 23:12:44.795 [info] > git ls-files --stage -- C:\Users\Pedro Cipriano\Desktop\GitHub\git_rep_v1.0\desktop.ini [31ms]
2024-12-26 23:12:44.797 [info] > git show --textconv :git_rep_v1.0/desktop.ini [36ms]
2024-12-26 23:12:44.828 [info] > git cat-file -s 0812beb17988747bde028246525391f954d831ff [31ms]
2024-12-26 23:12:45.372 [info] > git log --format=%H%n%aN%n%aE%n%at%n%ct%n%P%n%D%n%B -z -n234 --follow -- c:\Users\Pedro Cipriano\Desktop\GitHub\git_rep_v1.0\img\profile.jpg [56ms]
2024-12-26 23:12:47.470 [info] > git log --format=%H%n%aN%n%aE%n%at%n%ct%n%P%n%D%n%B -z -n234 --follow -- c:\Users\Pedro Cipriano\Desktop\GitHub\git_rep_v1.0\css\styles.css [69ms]
2024-12-26 23:12:47.594 [info] > git show --textconv :git_rep_v1.0/css/styles.css [34ms]
2024-12-26 23:12:47.594 [info] > git ls-files --stage -- C:\Users\Pedro Cipriano\Desktop\GitHub\git_rep_v1.0\css\styles.css [32ms]
2024-12-26 23:12:47.629 [info] > git cat-file -s 608069e151412939e2ea70bd82ae420fbbda8538 [32ms]
2024-12-26 23:12:47.677 [info] > git blame --root --incremental f3e90e3dc6a944ae12c520dd2a90620a16a550bc -- C:\Users\Pedro Cipriano\Desktop\GitHub\git_rep_v1.0\css\styles.css [42ms]
2024-12-26 23:12:49.085 [info] > git log --format=%H%n%aN%n%aE%n%at%n%ct%n%P%n%D%n%B -z -n234 --follow -- c:\Users\Pedro Cipriano\Desktop\GitHub\git_rep_v1.0\index.html [42ms]
2024-12-26 23:12:49.279 [info] > git ls-files --stage -- C:\Users\Pedro Cipriano\Desktop\GitHub\git_rep_v1.0\index.html [31ms]
2024-12-26 23:12:49.282 [info] > git show --textconv :git_rep_v1.0/index.html [36ms]
2024-12-26 23:12:49.312 [info] > git cat-file -s 03255aac1e76a3be0700fd6a0ab21f887ec1b370 [31ms]
2024-12-26 23:13:00.687 [info] > git log --format=%H%n%aN%n%aE%n%at%n%ct%n%P%n%D%n%B -z -n234 --follow -- c:\Users\Pedro Cipriano\Desktop\GitHub\git_rep_v1.0\index.html [44ms]
2024-12-26 23:13:03.198 [info] > git log --format=%H%n%aN%n%aE%n%at%n%ct%n%P%n%D%n%B -z --shortstat --diff-merges=first-parent -n50 --skip=0 --topo-order --decorate=full --stdin [58ms]
2024-12-26 23:13:11.785 [info] > git config --get commit.template [31ms]
2024-12-26 23:13:11.788 [info] > git for-each-ref --format=%(refname)%00%(upstream:short)%00%(objectname)%00%(upstream:track)%00%(upstream:remotename)%00%(upstream:remoteref) --ignore-case refs/heads/github_v1.1 refs/remotes/github_v1.1 [33ms]
2024-12-26 23:13:11.825 [info] > git for-each-ref --sort -committerdate --format %(refname) %(objectname) %(*objectname) [31ms]
2024-12-26 23:13:11.828 [info] > git status -z -uall [38ms]
2024-12-26 23:13:13.068 [info] > git log --format=%H%n%aN%n%aE%n%at%n%ct%n%P%n%D%n%B -z --shortstat --diff-merges=first-parent -n50 --skip=0 --topo-order --decorate=full --stdin [73ms]
2024-12-26 23:13:19.963 [info] > git ls-tree -l bc17ddcdca66ce63a22a222c069dcf2db226a92f -- C:\Users\Pedro Cipriano\Desktop\GitHub\log\log.txt [39ms]
2024-12-26 23:13:19.964 [info] > git ls-tree -l f3e90e3dc6a944ae12c520dd2a90620a16a550bc -- C:\Users\Pedro Cipriano\Desktop\GitHub\log\log.txt [37ms]
2024-12-26 23:13:19.966 [info] > git ls-tree -l bc17ddcdca66ce63a22a222c069dcf2db226a92f -- C:\Users\Pedro Cipriano\Desktop\GitHub\log\log_branches [37ms]
2024-12-26 23:13:19.969 [info] > git ls-tree -l f3e90e3dc6a944ae12c520dd2a90620a16a550bc -- C:\Users\Pedro Cipriano\Desktop\GitHub\log\log_branches [36ms]
2024-12-26 23:13:23.863 [info] > git log --format=%H%n%aN%n%aE%n%at%n%ct%n%P%n%D%n%B -z -n234 --follow -- c:\Users\Pedro Cipriano\Desktop\GitHub\git_rep_v1.0\log\log_branches [40ms]
2024-12-26 23:13:24.053 [info] > git show --textconv :git_rep_v1.0/log/log_branches [34ms]
2024-12-26 23:13:24.054 [info] > git ls-files --stage -- C:\Users\Pedro Cipriano\Desktop\GitHub\git_rep_v1.0\log\log_branches [32ms]
2024-12-26 23:13:24.600 [info] > git log --format=%H%n%aN%n%aE%n%at%n%ct%n%P%n%D%n%B -z -n234 --follow -- c:\Users\Pedro Cipriano\Desktop\GitHub\git_rep_v1.0\index.html [48ms]
2024-12-26 23:13:24.783 [info] > git ls-files --stage -- C:\Users\Pedro Cipriano\Desktop\GitHub\git_rep_v1.0\index.html [31ms]
2024-12-26 23:13:24.786 [info] > git show --textconv :git_rep_v1.0/index.html [36ms]
2024-12-26 23:13:24.816 [info] > git cat-file -s 03255aac1e76a3be0700fd6a0ab21f887ec1b370 [31ms]
2024-12-26 23:13:32.342 [info] > git rev-list --count 10683890431989ee319681d2ab8cab0a3468feaf.. -- c:\Users\Pedro Cipriano\Desktop\GitHub\git_rep_v1.0\index.html [36ms]
2024-12-26 23:13:32.383 [info] > git log --format=%H%n%aN%n%aE%n%at%n%ct%n%P%n%D%n%B -z -n3 --follow -- c:\Users\Pedro Cipriano\Desktop\GitHub\git_rep_v1.0\index.html [39ms]
2024-12-26 23:13:32.830 [info] > git config --get commit.template [31ms]
2024-12-26 23:13:32.833 [info] > git for-each-ref --format=%(refname)%00%(upstream:short)%00%(objectname)%00%(upstream:track)%00%(upstream:remotename)%00%(upstream:remoteref) --ignore-case refs/heads/github_v1.1 refs/remotes/github_v1.1 [32ms]
2024-12-26 23:13:32.872 [info] > git for-each-ref --sort -committerdate --format %(refname) %(objectname) %(*objectname) [34ms]
2024-12-26 23:13:32.873 [info] > git status -z -uall [37ms]
2024-12-26 23:13:32.963 [info] > git ls-tree -l 993aeb1c6b5a6241b5b850af9863f5276c4cd9a6 -- C:\Users\Pedro Cipriano\Desktop\GitHub\log\log_creation.png [52ms]
2024-12-26 23:13:32.964 [info] > git ls-tree -l bc17ddcdca66ce63a22a222c069dcf2db226a92f -- C:\Users\Pedro Cipriano\Desktop\GitHub\log\log.txt [47ms]
2024-12-26 23:13:32.968 [info] > git ls-tree -l d6330aacb357dca39d1244452f49e91ac26470c8 -- C:\Users\Pedro Cipriano\Desktop\GitHub\mintty.2024-12-18_02-03-52.png [54ms]
2024-12-26 23:13:32.973 [info] > git ls-tree -l f3e90e3dc6a944ae12c520dd2a90620a16a550bc -- C:\Users\Pedro Cipriano\Desktop\GitHub\log\log.txt [54ms]
2024-12-26 23:13:32.988 [info] > git ls-tree -l bc17ddcdca66ce63a22a222c069dcf2db226a92f -- C:\Users\Pedro Cipriano\Desktop\GitHub\log\log_branches [65ms]
2024-12-26 23:13:32.997 [info] > git ls-tree -l bc17ddcdca66ce63a22a222c069dcf2db226a92f -- C:\Users\Pedro Cipriano\Desktop\GitHub\log\log_commits.txt [66ms]
2024-12-26 23:13:33.003 [info] > git ls-tree -l f3e90e3dc6a944ae12c520dd2a90620a16a550bc -- C:\Users\Pedro Cipriano\Desktop\GitHub\log\log_branches [77ms]
2024-12-26 23:13:33.004 [info] > git ls-tree -l f3e90e3dc6a944ae12c520dd2a90620a16a550bc -- C:\Users\Pedro Cipriano\Desktop\GitHub\log\log_commits.txt [69ms]
2024-12-26 23:13:33.004 [info] > git ls-tree -l bc17ddcdca66ce63a22a222c069dcf2db226a92f -- C:\Users\Pedro Cipriano\Desktop\GitHub\log\log_vscode_terminal.txt [66ms]
2024-12-26 23:13:33.021 [info] > git ls-tree -l f3e90e3dc6a944ae12c520dd2a90620a16a550bc -- C:\Users\Pedro Cipriano\Desktop\GitHub\log\log_vscode_terminal.txt [78ms]
2024-12-26 23:13:33.022 [info] > git ls-tree -l bc17ddcdca66ce63a22a222c069dcf2db226a92f -- C:\Users\Pedro Cipriano\Desktop\GitHub\log\vscode_terminal_log.txt [75ms]
2024-12-26 23:13:33.022 [info] > git ls-tree -l f3e90e3dc6a944ae12c520dd2a90620a16a550bc -- C:\Users\Pedro Cipriano\Desktop\GitHub\log\vscode_terminal_log.txt [72ms]
2024-12-26 23:13:33.037 [info] > git ls-files --stage -- C:\Users\Pedro Cipriano\Desktop\GitHub\git_rep_v1.0\index.html [82ms]
2024-12-26 23:13:33.047 [info] > git show --textconv d6330aacb357dca39d1244452f49e91ac26470c8:mintty.2024-12-18_02-03-52.png [70ms]
2024-12-26 23:13:33.073 [info] > git show --textconv bc17ddcdca66ce63a22a222c069dcf2db226a92f:log/log.txt [101ms]
2024-12-26 23:13:33.075 [info] > git show --textconv 993aeb1c6b5a6241b5b850af9863f5276c4cd9a6:log/log_creation.png [108ms]
2024-12-26 23:13:33.099 [info] > git show --textconv f3e90e3dc6a944ae12c520dd2a90620a16a550bc:log/log.txt [117ms]
2024-12-26 23:13:33.107 [info] > git show --textconv bc17ddcdca66ce63a22a222c069dcf2db226a92f:log/log_branches [114ms]
2024-12-26 23:13:33.111 [info] > git show --textconv f3e90e3dc6a944ae12c520dd2a90620a16a550bc:log/log_branches [103ms]
2024-12-26 23:13:33.111 [info] > git show --textconv bc17ddcdca66ce63a22a222c069dcf2db226a92f:log/log_vscode_terminal.txt [94ms]
2024-12-26 23:13:33.112 [info] > git show --textconv bc17ddcdca66ce63a22a222c069dcf2db226a92f:log/log_commits.txt [110ms]
2024-12-26 23:13:33.119 [info] > git show --textconv f3e90e3dc6a944ae12c520dd2a90620a16a550bc:log/log_commits.txt [106ms]
2024-12-26 23:13:33.126 [info] > git show --textconv f3e90e3dc6a944ae12c520dd2a90620a16a550bc:log/vscode_terminal_log.txt [92ms]
2024-12-26 23:13:33.128 [info] > git show --textconv f3e90e3dc6a944ae12c520dd2a90620a16a550bc:log/log_vscode_terminal.txt [102ms]
2024-12-26 23:13:33.131 [info] > git show --textconv bc17ddcdca66ce63a22a222c069dcf2db226a92f:log/vscode_terminal_log.txt [101ms]
2024-12-26 23:13:33.132 [info] > git cat-file -s 03255aac1e76a3be0700fd6a0ab21f887ec1b370 [92ms]
2024-12-26 23:13:33.168 [info] > git show --textconv :git_rep_v1.0/index.html [32ms]
2024-12-26 23:13:37.916 [info] > git config --get commit.template [30ms]
2024-12-26 23:13:37.919 [info] > git for-each-ref --format=%(refname)%00%(upstream:short)%00%(objectname)%00%(upstream:track)%00%(upstream:remotename)%00%(upstream:remoteref) --ignore-case refs/heads/github_v1.1 refs/remotes/github_v1.1 [32ms]
2024-12-26 23:13:37.956 [info] > git status -z -uall [33ms]
2024-12-26 23:13:37.956 [info] > git for-each-ref --sort -committerdate --format %(refname) %(objectname) %(*objectname) [32ms]
2024-12-26 23:13:43.006 [info] > git config --get commit.template [32ms]
2024-12-26 23:13:43.009 [info] > git for-each-ref --format=%(refname)%00%(upstream:short)%00%(objectname)%00%(upstream:track)%00%(upstream:remotename)%00%(upstream:remoteref) --ignore-case refs/heads/github_v1.1 refs/remotes/github_v1.1 [31ms]
2024-12-26 23:13:43.045 [info] > git for-each-ref --sort -committerdate --format %(refname) %(objectname) %(*objectname) [32ms]
2024-12-26 23:13:43.046 [info] > git status -z -uall [34ms]
2024-12-26 23:14:17.104 [info] > git rev-parse --show-toplevel [39ms]
2024-12-26 23:14:17.104 [info] fatal: not a git repository (or any of the parent directories): .git
